SF:/config/workspace/Robin/Robin/Lexer.cs
FN:18,System.Boolean Robin.Lexer::TryGetNextToken(System.Nullable`1<Robin.Token>&)
FNDA:17,System.Boolean Robin.Lexer::TryGetNextToken(System.Nullable`1<Robin.Token>&)
DA:19,17
DA:20,17
DA:21,1
DA:22,1
DA:23,1
DA:27,16
DA:30,16
DA:31,0
DA:32,0
DA:33,0
DA:34,0
DA:35,0
DA:36,0
DA:40,16
DA:41,8
DA:42,8
DA:43,8
DA:44,8
DA:45,8
DA:49,8
DA:50,17
BRDA:20,25,0,1
BRDA:20,25,1,16
BRDA:30,76,0,0
BRDA:30,76,1,16
BRDA:40,157,0,8
BRDA:40,157,1,8
FN:52,System.Boolean Robin.Lexer::TryParseMustacheTag(System.Nullable`1<Robin.Token>&)
FNDA:8,System.Boolean Robin.Lexer::TryParseMustacheTag(System.Nullable`1<Robin.Token>&)
DA:53,8
DA:54,8
DA:55,8
DA:57,8
DA:58,0
DA:59,0
DA:60,0
DA:64,8
DA:65,8
DA:66,0
DA:67,0
DA:68,0
DA:71,8
DA:72,8
DA:73,8
DA:75,8
DA:78,1
DA:79,1
DA:80,1
DA:81,1
DA:83,1
DA:84,1
DA:85,1
DA:86,1
DA:88,1
DA:89,1
DA:90,1
DA:91,1
DA:93,1
DA:94,1
DA:95,1
DA:96,1
DA:98,1
DA:99,1
DA:100,1
DA:101,1
DA:103,1
DA:104,1
DA:105,1
DA:106,1
DA:108,2
DA:109,0
DA:110,0
DA:111,0
DA:112,2
DA:116,8
DA:117,8
DA:119,8
DA:120,0
DA:122,0
DA:123,0
DA:124,0
DA:125,0
DA:129,8
DA:130,12
DA:131,4
DA:132,4
DA:133,4
DA:134,10
DA:135,2
DA:136,2
DA:137,2
DA:139,8
DA:141,8
DA:142,8
DA:143,8
BRDA:57,57,0,0
BRDA:57,57,1,8
BRDA:65,103,0,0
BRDA:65,103,1,8
BRDA:71,138,0,0
BRDA:71,138,1,8
BRDA:75,183,0,4
BRDA:75,189,0,3
BRDA:75,200,0,2
BRDA:75,183,1,4
BRDA:75,219,0,3
BRDA:75,227,0,2
BRDA:75,208,1,1
BRDA:75,200,1,1
BRDA:75,219,1,1
BRDA:75,238,1,1
BRDA:75,189,1,1
BRDA:75,227,1,1
BRDA:75,208,0,2
BRDA:75,238,0,2
BRDA:108,409,0,0
BRDA:108,409,1,8
BRDA:116,418,0,8
BRDA:116,418,1,0
BRDA:119,469,0,0
BRDA:119,469,1,8
BRDA:130,573,1,4
BRDA:130,545,0,12
BRDA:130,545,1,0
BRDA:134,619,1,2
BRDA:130,573,0,10
BRDA:134,589,0,10
BRDA:134,589,1,0
BRDA:134,619,0,8
FN:145,System.Int32 Robin.Lexer::IndexOf(System.ReadOnlySpan`1<System.Char>,System.String)
FNDA:24,System.Int32 Robin.Lexer::IndexOf(System.ReadOnlySpan`1<System.Char>,System.String)
DA:146,24
DA:147,24
DA:148,24
DA:150,236
DA:151,118
DA:152,118
DA:153,332
DA:154,142
DA:155,142
DA:156,94
DA:157,94
DA:158,94
DA:160,48
DA:161,142
DA:162,94
DA:163,0
DA:164,24
BRDA:147,12,0,0
BRDA:147,12,1,24
BRDA:148,38,0,0
BRDA:148,38,1,24
BRDA:150,159,1,118
BRDA:153,116,1,142
BRDA:155,87,0,94
BRDA:155,87,1,48
BRDA:153,116,0,118
BRDA:161,124,0,24
BRDA:161,124,1,94
BRDA:150,159,0,0
FN:165,System.ReadOnlyMemory`1<System.Char> Robin.Lexer::GetValue(Robin.Token)
FNDA:0,System.ReadOnlyMemory`1<System.Char> Robin.Lexer::GetValue(Robin.Token)
DA:166,0
DA:167,0
DA:168,0
FN:12,System.Void Robin.Lexer::.ctor(System.ReadOnlySpan`1<System.Char>)
FNDA:1,System.Void Robin.Lexer::.ctor(System.ReadOnlySpan`1<System.Char>)
DA:13,1
DA:14,1
DA:15,1
DA:16,1
LF:111
LH:87
BRF:52
BRH:40
FNF:5
FNH:4
end_of_record
SF:/config/workspace/Robin/Robin/Token.cs
FN:9,System.ReadOnlyMemory`1<System.Char> Robin.Token::GetValue(System.ReadOnlySpan`1<System.Char>)
FNDA:16,System.ReadOnlyMemory`1<System.Char> Robin.Token::GetValue(System.ReadOnlySpan`1<System.Char>)
DA:10,16
DA:11,16
DA:12,16
FN:14,System.String Robin.Token::ToString()
FNDA:0,System.String Robin.Token::ToString()
DA:15,0
DA:16,0
DA:17,0
FN:4,System.Void Robin.Token::.ctor(Robin.TokenType,System.Int32,System.Int32)
FNDA:16,System.Void Robin.Token::.ctor(Robin.TokenType,System.Int32,System.Int32)
DA:5,16
DA:6,16
DA:7,16
LF:9
LH:6
BRF:0
BRH:0
FNF:3
FNH:2
end_of_record
SF:/config/workspace/Robin/Robin/Tokenizer.cs
FN:5,Robin.Token[] Robin.Tokenizer::Tokenize(System.ReadOnlySpan`1<System.Char>)
FNDA:1,Robin.Token[] Robin.Tokenizer::Tokenize(System.ReadOnlySpan`1<System.Char>)
DA:6,1
DA:7,1
DA:8,1
DA:10,17
DA:11,16
DA:12,16
DA:13,16
DA:15,1
DA:16,1
BRDA:10,26,0,16
BRDA:10,26,1,1
LF:9
LH:9
BRF:2
BRH:2
FNF:1
FNH:1
end_of_record
SF:/config/workspace/Robin/Robin/Nodes/Context.cs
FN:7,System.Collections.Generic.Dictionary`2<System.String,System.Action`3<Robin.Nodes.Context,Robin.Nodes.INode[],System.Text.StringBuilder>> Robin.Nodes.Context::get_Helpers()
FNDA:0,System.Collections.Generic.Dictionary`2<System.String,System.Action`3<Robin.Nodes.Context,Robin.Nodes.INode[],System.Text.StringBuilder>> Robin.Nodes.Context::get_Helpers()
DA:8,0
FN:9,System.Boolean Robin.Nodes.Context::TryResolve(System.String,System.Object&)
FNDA:0,System.Boolean Robin.Nodes.Context::TryResolve(System.String,System.Object&)
DA:10,0
FN:4,System.Void Robin.Nodes.Context::.ctor(System.Collections.Generic.IReadOnlyDictionary`2<System.String,System.Object>)
FNDA:0,System.Void Robin.Nodes.Context::.ctor(System.Collections.Generic.IReadOnlyDictionary`2<System.String,System.Object>)
DA:5,0
DA:7,0
LF:4
LH:0
BRF:0
BRH:0
FNF:3
FNH:0
end_of_record
SF:/config/workspace/Robin/Robin/Nodes/HelperNode.cs
FN:6,System.ReadOnlyMemory`1<System.Char> Robin.Nodes.HelperNode::get_Name()
FNDA:0,System.ReadOnlyMemory`1<System.Char> Robin.Nodes.HelperNode::get_Name()
DA:7,0
FN:7,System.Collections.Generic.List`1<Robin.Nodes.INode> Robin.Nodes.HelperNode::get_Arguments()
FNDA:0,System.Collections.Generic.List`1<Robin.Nodes.INode> Robin.Nodes.HelperNode::get_Arguments()
DA:8,0
FN:10,System.Void Robin.Nodes.HelperNode::Render(Robin.Nodes.Context,System.Text.StringBuilder)
FNDA:0,System.Void Robin.Nodes.HelperNode::Render(Robin.Nodes.Context,System.Text.StringBuilder)
DA:11,0
DA:12,0
DA:13,0
DA:14,0
DA:15,0
DA:16,0
BRDA:12,36,0,0
BRDA:12,36,1,0
LF:8
LH:0
BRF:2
BRH:0
FNF:3
FNH:0
end_of_record
SF:/config/workspace/Robin/Robin/Nodes/Node.cs
FN:7,System.Collections.Immutable.ImmutableArray`1<Robin.Nodes.INode> Robin.Nodes.Parser::Parse(Robin.Lexer&)
FNDA:0,System.Collections.Immutable.ImmutableArray`1<Robin.Nodes.INode> Robin.Nodes.Parser::Parse(Robin.Lexer&)
DA:8,0
DA:9,0
DA:10,0
DA:11,0
DA:12,0
DA:15,0
DA:16,0
DA:18,0
DA:19,0
DA:21,0
DA:22,0
DA:24,0
DA:25,0
DA:27,0
DA:28,0
DA:31,0
DA:35,0
DA:37,0
DA:38,0
DA:39,0
BRDA:10,17,0,0
BRDA:12,41,1,0
BRDA:12,41,2,0
BRDA:12,41,3,0
BRDA:12,41,4,0
BRDA:12,41,5,0
BRDA:12,41,0,0
BRDA:12,41,6,0
BRDA:12,41,7,0
BRDA:10,17,1,0
FN:41,Robin.Nodes.SectionNode Robin.Nodes.Parser::ParseSection(Robin.Lexer&,Robin.Token,System.Boolean)
FNDA:0,Robin.Nodes.SectionNode Robin.Nodes.Parser::ParseSection(Robin.Lexer&,Robin.Token,System.Boolean)
DA:42,0
DA:43,0
DA:45,0
DA:46,0
DA:47,0
DA:48,0
DA:49,0
DA:51,0
DA:54,0
DA:55,0
DA:57,0
DA:58,0
DA:60,0
DA:61,0
DA:63,0
DA:64,0
DA:66,0
DA:67,0
DA:69,0
DA:71,0
DA:73,0
DA:74,0
DA:76,0
DA:77,0
BRDA:46,27,0,0
BRDA:48,46,0,0
BRDA:48,46,1,0
BRDA:48,78,1,0
BRDA:51,105,1,0
BRDA:51,105,2,0
BRDA:51,105,3,0
BRDA:51,105,4,0
BRDA:51,105,5,0
BRDA:51,105,0,0
BRDA:51,105,6,0
BRDA:51,105,7,0
BRDA:46,27,1,0
BRDA:48,78,0,0
LF:44
LH:0
BRF:24
BRH:0
FNF:2
FNH:0
end_of_record
SF:/config/workspace/Robin/Robin/Nodes/SectionNode.cs
FN:7,System.ReadOnlyMemory`1<System.Char> Robin.Nodes.SectionNode::get_Name()
FNDA:0,System.ReadOnlyMemory`1<System.Char> Robin.Nodes.SectionNode::get_Name()
DA:8,0
FN:8,System.Collections.Immutable.ImmutableArray`1<Robin.Nodes.INode> Robin.Nodes.SectionNode::get_Children()
FNDA:0,System.Collections.Immutable.ImmutableArray`1<Robin.Nodes.INode> Robin.Nodes.SectionNode::get_Children()
DA:9,0
FN:9,System.Boolean Robin.Nodes.SectionNode::get_Inverted()
FNDA:0,System.Boolean Robin.Nodes.SectionNode::get_Inverted()
DA:10,0
FN:12,System.Void Robin.Nodes.SectionNode::Render(Robin.Nodes.Context,System.Text.StringBuilder)
FNDA:0,System.Void Robin.Nodes.SectionNode::Render(Robin.Nodes.Context,System.Text.StringBuilder)
DA:13,0
DA:14,0
DA:15,0
DA:16,0
DA:17,0
DA:18,0
DA:19,0
DA:20,0
DA:21,0
DA:22,0
DA:23,0
DA:24,0
DA:25,0
BRDA:14,31,0,0
BRDA:16,35,0,0
BRDA:16,35,1,0
BRDA:17,60,0,0
BRDA:17,63,0,0
BRDA:17,63,1,0
BRDA:17,60,1,0
BRDA:18,86,0,0
BRDA:19,134,1,0
BRDA:18,86,1,0
BRDA:19,134,0,0
BRDA:14,31,1,0
BRDA:21,149,0,0
BRDA:23,198,1,0
BRDA:23,198,0,0
BRDA:21,149,1,0
LF:16
LH:0
BRF:16
BRH:0
FNF:4
FNH:0
end_of_record
SF:/config/workspace/Robin/Robin/Nodes/TextNode.cs
FN:6,System.ReadOnlyMemory`1<System.Char> Robin.Nodes.TextNode::get_Text()
FNDA:0,System.ReadOnlyMemory`1<System.Char> Robin.Nodes.TextNode::get_Text()
DA:7,0
FN:8,System.Void Robin.Nodes.TextNode::Render(Robin.Nodes.Context,System.Text.StringBuilder)
FNDA:0,System.Void Robin.Nodes.TextNode::Render(Robin.Nodes.Context,System.Text.StringBuilder)
DA:9,0
LF:2
LH:0
BRF:0
BRH:0
FNF:2
FNH:0
end_of_record
SF:/config/workspace/Robin/Robin/Nodes/VariableNode.cs
FN:6,System.ReadOnlyMemory`1<System.Char> Robin.Nodes.VariableNode::get_Name()
FNDA:0,System.ReadOnlyMemory`1<System.Char> Robin.Nodes.VariableNode::get_Name()
DA:7,0
FN:7,System.Boolean Robin.Nodes.VariableNode::get_IsUnescaped()
FNDA:0,System.Boolean Robin.Nodes.VariableNode::get_IsUnescaped()
DA:8,0
FN:10,System.Void Robin.Nodes.VariableNode::Render(Robin.Nodes.Context,System.Text.StringBuilder)
FNDA:0,System.Void Robin.Nodes.VariableNode::Render(Robin.Nodes.Context,System.Text.StringBuilder)
DA:11,0
DA:12,0
DA:13,0
DA:14,0
DA:15,0
DA:16,0
DA:17,0
BRDA:12,31,0,0
BRDA:14,35,0,0
BRDA:14,35,1,0
BRDA:14,47,0,0
BRDA:14,47,1,0
BRDA:15,63,0,0
BRDA:15,63,1,0
BRDA:12,31,1,0
LF:9
LH:0
BRF:8
BRH:0
FNF:3
FNH:0
end_of_record