<?xml version="1.0" encoding="utf-8"?>
<CoverageSession>
  <Summary numSequencePoints="536" visitedSequencePoints="337" numBranchPoints="250" visitedBranchPoints="153" sequenceCoverage="62.87" branchCoverage="61.2" maxCyclomaticComplexity="299" minCyclomaticComplexity="299" visitedClasses="9" numClasses="18" visitedMethods="34" numMethods="67" />
  <Modules>
    <Module hash="D92FF121-8069-45DB-BFA2-1589558683AE">
      <ModulePath>Robin.dll</ModulePath>
      <ModuleTime>2025-10-30T12:10:26</ModuleTime>
      <ModuleName>Robin</ModuleName>
      <Files>
        <File uid="1" fullPath="/config/workspace/Robin/Robin/ExpressionLexer.cs" />
        <File uid="2" fullPath="/config/workspace/Robin/Robin/ExpressionToken.cs" />
        <File uid="3" fullPath="/config/workspace/Robin/Robin/Lexer.cs" />
        <File uid="4" fullPath="/config/workspace/Robin/Robin/Token.cs" />
        <File uid="5" fullPath="/config/workspace/Robin/Robin/Tokenizer.cs" />
        <File uid="6" fullPath="/config/workspace/Robin/Robin/Nodes/BinaryOperatorNode.cs" />
        <File uid="7" fullPath="/config/workspace/Robin/Robin/Nodes/Context.cs" />
        <File uid="8" fullPath="/config/workspace/Robin/Robin/Nodes/ExpressionParser.cs" />
        <File uid="9" fullPath="/config/workspace/Robin/Robin/Nodes/FunctionCallNode.cs" />
        <File uid="10" fullPath="/config/workspace/Robin/Robin/Nodes/HelperNode.cs" />
        <File uid="11" fullPath="/config/workspace/Robin/Robin/Nodes/IdentifierNode.cs" />
        <File uid="12" fullPath="/config/workspace/Robin/Robin/Nodes/Parser.cs" />
        <File uid="13" fullPath="/config/workspace/Robin/Robin/Nodes/SectionNode.cs" />
        <File uid="14" fullPath="/config/workspace/Robin/Robin/Nodes/TextNode.cs" />
        <File uid="15" fullPath="/config/workspace/Robin/Robin/Nodes/UnaryOperatorNode.cs" />
        <File uid="16" fullPath="/config/workspace/Robin/Robin/Nodes/VariableNode.cs" />
      </Files>
      <Classes>
        <Class>
          <Summary numSequencePoints="132" visitedSequencePoints="122" numBranchPoints="72" visitedBranchPoints="67" sequenceCoverage="92.42" branchCoverage="93.05" maxCyclomaticComplexity="68" minCyclomaticComplexity="1" visitedClasses="1" numClasses="1" visitedMethods="7" numMethods="7" />
          <FullName>Robin.ExpressionLexer</FullName>
          <Methods>
            <Method cyclomaticComplexity="4" nPathComplexity="4" sequenceCoverage="100" branchCoverage="100" isConstructor="False" isGetter="False" isSetter="False" isStatic="True">
              <Summary numSequencePoints="6" visitedSequencePoints="6" numBranchPoints="4" visitedBranchPoints="4" sequenceCoverage="100" branchCoverage="100" maxCyclomaticComplexity="4" minCyclomaticComplexity="4" visitedClasses="0" numClasses="0" visitedMethods="1" numMethods="1" />
              <MetadataToken />
              <Name>System.Void Robin.ExpressionLexer::SkipWhitespace(System.Int32&amp;)</Name>
              <FileRef uid="1" />
              <SequencePoints>
                <SequencePoint vc="239" uspid="16" ordinal="0" sl="16" sc="1" el="16" ec="2" bec="0" bev="0" fileid="1" />
                <SequencePoint vc="333" uspid="17" ordinal="1" sl="17" sc="1" el="17" ec="2" bec="4" bev="4" fileid="1" />
                <SequencePoint vc="94" uspid="18" ordinal="2" sl="18" sc="1" el="18" ec="2" bec="0" bev="0" fileid="1" />
                <SequencePoint vc="94" uspid="19" ordinal="3" sl="19" sc="1" el="19" ec="2" bec="0" bev="0" fileid="1" />
                <SequencePoint vc="94" uspid="20" ordinal="4" sl="20" sc="1" el="20" ec="2" bec="0" bev="0" fileid="1" />
                <SequencePoint vc="239" uspid="21" ordinal="5" sl="21" sc="1" el="21" ec="2" bec="0" bev="0" fileid="1" />
              </SequencePoints>
              <BranchPoints>
                <BranchPoint vc="94" uspid="17" ordinal="3" path="1" offset="50" offsetend="3" sl="17" fileid="1" />
                <BranchPoint vc="257" uspid="17" ordinal="0" path="0" offset="24" offsetend="26" sl="17" fileid="1" />
                <BranchPoint vc="76" uspid="17" ordinal="1" path="1" offset="24" offsetend="47" sl="17" fileid="1" />
                <BranchPoint vc="239" uspid="17" ordinal="2" path="0" offset="50" offsetend="52" sl="17" fileid="1" />
              </BranchPoints>
              <MethodPoint vc="6" uspid="0" p8:type="SequencePoint" ordinal="0" offset="0" sc="0" sl="16" ec="1" el="21" bec="0" bev="0" fileid="1" xmlns:p8="xsi" />
            </Method>
            <Method cyclomaticComplexity="1" nPathComplexity="1" sequenceCoverage="100" branchCoverage="100" isConstructor="False" isGetter="False" isSetter="False" isStatic="True">
              <Summary numSequencePoints="3" visitedSequencePoints="3" numBranchPoints="0" visitedBranchPoints="0" sequenceCoverage="100" branchCoverage="100" maxCyclomaticComplexity="1" minCyclomaticComplexity="1" visitedClasses="0" numClasses="0" visitedMethods="1" numMethods="1" />
              <MetadataToken />
              <Name>System.Void Robin.ExpressionLexer::AdvanceTo(System.Int32)</Name>
              <FileRef uid="1" />
              <SequencePoints>
                <SequencePoint vc="6" uspid="23" ordinal="0" sl="23" sc="1" el="23" ec="2" bec="0" bev="0" fileid="1" />
                <SequencePoint vc="6" uspid="24" ordinal="1" sl="24" sc="1" el="24" ec="2" bec="0" bev="0" fileid="1" />
                <SequencePoint vc="6" uspid="25" ordinal="2" sl="25" sc="1" el="25" ec="2" bec="0" bev="0" fileid="1" />
              </SequencePoints>
              <BranchPoints />
              <MethodPoint vc="3" uspid="0" p8:type="SequencePoint" ordinal="1" offset="1" sc="0" sl="23" ec="1" el="25" bec="0" bev="0" fileid="1" xmlns:p8="xsi" />
            </Method>
            <Method cyclomaticComplexity="1" nPathComplexity="1" sequenceCoverage="100" branchCoverage="100" isConstructor="False" isGetter="False" isSetter="False" isStatic="True">
              <Summary numSequencePoints="3" visitedSequencePoints="3" numBranchPoints="0" visitedBranchPoints="0" sequenceCoverage="100" branchCoverage="100" maxCyclomaticComplexity="1" minCyclomaticComplexity="1" visitedClasses="0" numClasses="0" visitedMethods="1" numMethods="1" />
              <MetadataToken />
              <Name>System.Boolean Robin.ExpressionLexer::TryGetNextToken(System.Nullable`1&lt;Robin.ExpressionToken&gt;&amp;)</Name>
              <FileRef uid="1" />
              <SequencePoints>
                <SequencePoint vc="191" uspid="28" ordinal="0" sl="28" sc="1" el="28" ec="2" bec="0" bev="0" fileid="1" />
                <SequencePoint vc="191" uspid="29" ordinal="1" sl="29" sc="1" el="29" ec="2" bec="0" bev="0" fileid="1" />
                <SequencePoint vc="191" uspid="30" ordinal="2" sl="30" sc="1" el="30" ec="2" bec="0" bev="0" fileid="1" />
              </SequencePoints>
              <BranchPoints />
              <MethodPoint vc="3" uspid="0" p8:type="SequencePoint" ordinal="2" offset="2" sc="0" sl="28" ec="1" el="30" bec="0" bev="0" fileid="1" xmlns:p8="xsi" />
            </Method>
            <Method cyclomaticComplexity="1" nPathComplexity="1" sequenceCoverage="100" branchCoverage="100" isConstructor="False" isGetter="False" isSetter="False" isStatic="True">
              <Summary numSequencePoints="6" visitedSequencePoints="6" numBranchPoints="0" visitedBranchPoints="0" sequenceCoverage="100" branchCoverage="100" maxCyclomaticComplexity="1" minCyclomaticComplexity="1" visitedClasses="0" numClasses="0" visitedMethods="1" numMethods="1" />
              <MetadataToken />
              <Name>System.Boolean Robin.ExpressionLexer::TryPeekNextToken(System.Nullable`1&lt;Robin.ExpressionToken&gt;&amp;,System.Int32&amp;)</Name>
              <FileRef uid="1" />
              <SequencePoints>
                <SequencePoint vc="48" uspid="33" ordinal="0" sl="33" sc="1" el="33" ec="2" bec="0" bev="0" fileid="1" />
                <SequencePoint vc="48" uspid="34" ordinal="1" sl="34" sc="1" el="34" ec="2" bec="0" bev="0" fileid="1" />
                <SequencePoint vc="48" uspid="35" ordinal="2" sl="35" sc="1" el="35" ec="2" bec="0" bev="0" fileid="1" />
                <SequencePoint vc="48" uspid="36" ordinal="3" sl="36" sc="1" el="36" ec="2" bec="0" bev="0" fileid="1" />
                <SequencePoint vc="48" uspid="37" ordinal="4" sl="37" sc="1" el="37" ec="2" bec="0" bev="0" fileid="1" />
                <SequencePoint vc="48" uspid="38" ordinal="5" sl="38" sc="1" el="38" ec="2" bec="0" bev="0" fileid="1" />
              </SequencePoints>
              <BranchPoints />
              <MethodPoint vc="6" uspid="0" p8:type="SequencePoint" ordinal="3" offset="3" sc="0" sl="33" ec="1" el="38" bec="0" bev="0" fileid="1" xmlns:p8="xsi" />
            </Method>
            <Method cyclomaticComplexity="68" nPathComplexity="68" sequenceCoverage="90.56" branchCoverage="92.64" isConstructor="False" isGetter="False" isSetter="False" isStatic="True">
              <Summary numSequencePoints="106" visitedSequencePoints="96" numBranchPoints="68" visitedBranchPoints="63" sequenceCoverage="90.56" branchCoverage="92.64" maxCyclomaticComplexity="68" minCyclomaticComplexity="68" visitedClasses="0" numClasses="0" visitedMethods="1" numMethods="1" />
              <MetadataToken />
              <Name>System.Boolean Robin.ExpressionLexer::TryGetNextTokenInternal(System.Nullable`1&lt;Robin.ExpressionToken&gt;&amp;,System.Int32&amp;)</Name>
              <FileRef uid="1" />
              <SequencePoints>
                <SequencePoint vc="239" uspid="41" ordinal="0" sl="41" sc="1" el="41" ec="2" bec="0" bev="0" fileid="1" />
                <SequencePoint vc="239" uspid="42" ordinal="1" sl="42" sc="1" el="42" ec="2" bec="0" bev="0" fileid="1" />
                <SequencePoint vc="239" uspid="43" ordinal="2" sl="43" sc="1" el="43" ec="2" bec="2" bev="2" fileid="1" />
                <SequencePoint vc="76" uspid="44" ordinal="3" sl="44" sc="1" el="44" ec="2" bec="0" bev="0" fileid="1" />
                <SequencePoint vc="76" uspid="45" ordinal="4" sl="45" sc="1" el="45" ec="2" bec="0" bev="0" fileid="1" />
                <SequencePoint vc="76" uspid="46" ordinal="5" sl="46" sc="1" el="46" ec="2" bec="0" bev="0" fileid="1" />
                <SequencePoint vc="163" uspid="49" ordinal="6" sl="49" sc="1" el="49" ec="2" bec="0" bev="0" fileid="1" />
                <SequencePoint vc="163" uspid="51" ordinal="7" sl="51" sc="1" el="51" ec="2" bec="2" bev="2" fileid="1" />
                <SequencePoint vc="23" uspid="52" ordinal="8" sl="52" sc="1" el="52" ec="2" bec="0" bev="0" fileid="1" />
                <SequencePoint vc="23" uspid="53" ordinal="9" sl="53" sc="1" el="53" ec="2" bec="0" bev="0" fileid="1" />
                <SequencePoint vc="23" uspid="54" ordinal="10" sl="54" sc="1" el="54" ec="2" bec="0" bev="0" fileid="1" />
                <SequencePoint vc="23" uspid="55" ordinal="11" sl="55" sc="1" el="55" ec="2" bec="0" bev="0" fileid="1" />
                <SequencePoint vc="140" uspid="57" ordinal="12" sl="57" sc="1" el="57" ec="2" bec="2" bev="2" fileid="1" />
                <SequencePoint vc="30" uspid="58" ordinal="13" sl="58" sc="1" el="58" ec="2" bec="0" bev="0" fileid="1" />
                <SequencePoint vc="30" uspid="59" ordinal="14" sl="59" sc="1" el="59" ec="2" bec="0" bev="0" fileid="1" />
                <SequencePoint vc="30" uspid="60" ordinal="15" sl="60" sc="1" el="60" ec="2" bec="0" bev="0" fileid="1" />
                <SequencePoint vc="30" uspid="61" ordinal="16" sl="61" sc="1" el="61" ec="2" bec="0" bev="0" fileid="1" />
                <SequencePoint vc="110" uspid="63" ordinal="17" sl="63" sc="1" el="63" ec="2" bec="12" bev="12" fileid="1" />
                <SequencePoint vc="9" uspid="64" ordinal="18" sl="64" sc="1" el="64" ec="2" bec="0" bev="0" fileid="1" />
                <SequencePoint vc="9" uspid="65" ordinal="19" sl="65" sc="1" el="65" ec="2" bec="0" bev="0" fileid="1" />
                <SequencePoint vc="9" uspid="66" ordinal="20" sl="66" sc="1" el="66" ec="2" bec="0" bev="0" fileid="1" />
                <SequencePoint vc="9" uspid="67" ordinal="21" sl="67" sc="1" el="67" ec="2" bec="0" bev="0" fileid="1" />
                <SequencePoint vc="101" uspid="69" ordinal="22" sl="69" sc="1" el="69" ec="2" bec="4" bev="4" fileid="1" />
                <SequencePoint vc="4" uspid="70" ordinal="23" sl="70" sc="1" el="70" ec="2" bec="0" bev="0" fileid="1" />
                <SequencePoint vc="4" uspid="71" ordinal="24" sl="71" sc="1" el="71" ec="2" bec="0" bev="0" fileid="1" />
                <SequencePoint vc="4" uspid="72" ordinal="25" sl="72" sc="1" el="72" ec="2" bec="0" bev="0" fileid="1" />
                <SequencePoint vc="4" uspid="73" ordinal="26" sl="73" sc="1" el="73" ec="2" bec="2" bev="2" fileid="1" />
                <SequencePoint vc="2" uspid="74" ordinal="27" sl="74" sc="1" el="74" ec="2" bec="0" bev="0" fileid="1" />
                <SequencePoint vc="2" uspid="75" ordinal="28" sl="75" sc="1" el="75" ec="2" bec="0" bev="0" fileid="1" />
                <SequencePoint vc="2" uspid="76" ordinal="29" sl="76" sc="1" el="76" ec="2" bec="0" bev="0" fileid="1" />
                <SequencePoint vc="2" uspid="77" ordinal="30" sl="77" sc="1" el="77" ec="2" bec="0" bev="0" fileid="1" />
                <SequencePoint vc="2" uspid="79" ordinal="31" sl="79" sc="1" el="79" ec="2" bec="0" bev="0" fileid="1" />
                <SequencePoint vc="4" uspid="80" ordinal="32" sl="80" sc="1" el="80" ec="2" bec="0" bev="0" fileid="1" />
                <SequencePoint vc="97" uspid="82" ordinal="33" sl="82" sc="1" el="82" ec="2" bec="2" bev="1" fileid="1" />
                <SequencePoint vc="0" uspid="83" ordinal="34" sl="83" sc="1" el="83" ec="2" bec="0" bev="0" fileid="1" />
                <SequencePoint vc="0" uspid="84" ordinal="35" sl="84" sc="1" el="84" ec="2" bec="0" bev="0" fileid="1" />
                <SequencePoint vc="0" uspid="85" ordinal="36" sl="85" sc="1" el="85" ec="2" bec="0" bev="0" fileid="1" />
                <SequencePoint vc="0" uspid="86" ordinal="37" sl="86" sc="1" el="86" ec="2" bec="2" bev="0" fileid="1" />
                <SequencePoint vc="0" uspid="87" ordinal="38" sl="87" sc="1" el="87" ec="2" bec="0" bev="0" fileid="1" />
                <SequencePoint vc="0" uspid="88" ordinal="39" sl="88" sc="1" el="88" ec="2" bec="0" bev="0" fileid="1" />
                <SequencePoint vc="0" uspid="89" ordinal="40" sl="89" sc="1" el="89" ec="2" bec="0" bev="0" fileid="1" />
                <SequencePoint vc="0" uspid="90" ordinal="41" sl="90" sc="1" el="90" ec="2" bec="0" bev="0" fileid="1" />
                <SequencePoint vc="0" uspid="92" ordinal="42" sl="92" sc="1" el="92" ec="2" bec="0" bev="0" fileid="1" />
                <SequencePoint vc="0" uspid="93" ordinal="43" sl="93" sc="1" el="93" ec="2" bec="0" bev="0" fileid="1" />
                <SequencePoint vc="97" uspid="95" ordinal="44" sl="95" sc="1" el="95" ec="2" bec="2" bev="2" fileid="1" />
                <SequencePoint vc="2" uspid="96" ordinal="45" sl="96" sc="1" el="96" ec="2" bec="0" bev="0" fileid="1" />
                <SequencePoint vc="2" uspid="97" ordinal="46" sl="97" sc="1" el="97" ec="2" bec="0" bev="0" fileid="1" />
                <SequencePoint vc="2" uspid="98" ordinal="47" sl="98" sc="1" el="98" ec="2" bec="0" bev="0" fileid="1" />
                <SequencePoint vc="2" uspid="99" ordinal="48" sl="99" sc="1" el="99" ec="2" bec="2" bev="2" fileid="1" />
                <SequencePoint vc="1" uspid="100" ordinal="49" sl="100" sc="1" el="100" ec="2" bec="0" bev="0" fileid="1" />
                <SequencePoint vc="1" uspid="101" ordinal="50" sl="101" sc="1" el="101" ec="2" bec="0" bev="0" fileid="1" />
                <SequencePoint vc="1" uspid="102" ordinal="51" sl="102" sc="1" el="102" ec="2" bec="0" bev="0" fileid="1" />
                <SequencePoint vc="1" uspid="103" ordinal="52" sl="103" sc="1" el="103" ec="2" bec="0" bev="0" fileid="1" />
                <SequencePoint vc="1" uspid="105" ordinal="53" sl="105" sc="1" el="105" ec="2" bec="0" bev="0" fileid="1" />
                <SequencePoint vc="2" uspid="106" ordinal="54" sl="106" sc="1" el="106" ec="2" bec="0" bev="0" fileid="1" />
                <SequencePoint vc="95" uspid="108" ordinal="55" sl="108" sc="1" el="108" ec="2" bec="2" bev="2" fileid="1" />
                <SequencePoint vc="2" uspid="109" ordinal="56" sl="109" sc="1" el="109" ec="2" bec="0" bev="0" fileid="1" />
                <SequencePoint vc="2" uspid="110" ordinal="57" sl="110" sc="1" el="110" ec="2" bec="0" bev="0" fileid="1" />
                <SequencePoint vc="2" uspid="111" ordinal="58" sl="111" sc="1" el="111" ec="2" bec="0" bev="0" fileid="1" />
                <SequencePoint vc="2" uspid="112" ordinal="59" sl="112" sc="1" el="112" ec="2" bec="2" bev="2" fileid="1" />
                <SequencePoint vc="1" uspid="113" ordinal="60" sl="113" sc="1" el="113" ec="2" bec="0" bev="0" fileid="1" />
                <SequencePoint vc="1" uspid="114" ordinal="61" sl="114" sc="1" el="114" ec="2" bec="0" bev="0" fileid="1" />
                <SequencePoint vc="1" uspid="115" ordinal="62" sl="115" sc="1" el="115" ec="2" bec="0" bev="0" fileid="1" />
                <SequencePoint vc="1" uspid="116" ordinal="63" sl="116" sc="1" el="116" ec="2" bec="0" bev="0" fileid="1" />
                <SequencePoint vc="1" uspid="118" ordinal="64" sl="118" sc="1" el="118" ec="2" bec="0" bev="0" fileid="1" />
                <SequencePoint vc="2" uspid="119" ordinal="65" sl="119" sc="1" el="119" ec="2" bec="0" bev="0" fileid="1" />
                <SequencePoint vc="93" uspid="122" ordinal="66" sl="122" sc="1" el="122" ec="2" bec="0" bev="0" fileid="1" />
                <SequencePoint vc="93" uspid="123" ordinal="67" sl="123" sc="1" el="123" ec="2" bec="0" bev="0" fileid="1" />
                <SequencePoint vc="93" uspid="124" ordinal="68" sl="124" sc="1" el="124" ec="2" bec="2" bev="2" fileid="1" />
                <SequencePoint vc="4" uspid="125" ordinal="69" sl="125" sc="1" el="125" ec="2" bec="0" bev="0" fileid="1" />
                <SequencePoint vc="4" uspid="126" ordinal="70" sl="126" sc="1" el="126" ec="2" bec="0" bev="0" fileid="1" />
                <SequencePoint vc="4" uspid="127" ordinal="71" sl="127" sc="1" el="127" ec="2" bec="0" bev="0" fileid="1" />
                <SequencePoint vc="16" uspid="128" ordinal="72" sl="128" sc="1" el="128" ec="2" bec="4" bev="3" fileid="1" />
                <SequencePoint vc="12" uspid="129" ordinal="73" sl="129" sc="1" el="129" ec="2" bec="0" bev="0" fileid="1" />
                <SequencePoint vc="12" uspid="130" ordinal="74" sl="130" sc="1" el="130" ec="2" bec="0" bev="0" fileid="1" />
                <SequencePoint vc="12" uspid="131" ordinal="75" sl="131" sc="1" el="131" ec="2" bec="0" bev="0" fileid="1" />
                <SequencePoint vc="4" uspid="132" ordinal="76" sl="132" sc="1" el="132" ec="2" bec="0" bev="0" fileid="1" />
                <SequencePoint vc="4" uspid="133" ordinal="77" sl="133" sc="1" el="133" ec="2" bec="0" bev="0" fileid="1" />
                <SequencePoint vc="4" uspid="134" ordinal="78" sl="134" sc="1" el="134" ec="2" bec="0" bev="0" fileid="1" />
                <SequencePoint vc="89" uspid="135" ordinal="79" sl="135" sc="1" el="135" ec="2" bec="2" bev="2" fileid="1" />
                <SequencePoint vc="4" uspid="136" ordinal="80" sl="136" sc="1" el="136" ec="2" bec="0" bev="0" fileid="1" />
                <SequencePoint vc="4" uspid="137" ordinal="81" sl="137" sc="1" el="137" ec="2" bec="0" bev="0" fileid="1" />
                <SequencePoint vc="4" uspid="138" ordinal="82" sl="138" sc="1" el="138" ec="2" bec="0" bev="0" fileid="1" />
                <SequencePoint vc="16" uspid="139" ordinal="83" sl="139" sc="1" el="139" ec="2" bec="4" bev="3" fileid="1" />
                <SequencePoint vc="12" uspid="140" ordinal="84" sl="140" sc="1" el="140" ec="2" bec="0" bev="0" fileid="1" />
                <SequencePoint vc="12" uspid="141" ordinal="85" sl="141" sc="1" el="141" ec="2" bec="0" bev="0" fileid="1" />
                <SequencePoint vc="12" uspid="142" ordinal="86" sl="142" sc="1" el="142" ec="2" bec="0" bev="0" fileid="1" />
                <SequencePoint vc="4" uspid="143" ordinal="87" sl="143" sc="1" el="143" ec="2" bec="0" bev="0" fileid="1" />
                <SequencePoint vc="4" uspid="144" ordinal="88" sl="144" sc="1" el="144" ec="2" bec="0" bev="0" fileid="1" />
                <SequencePoint vc="4" uspid="145" ordinal="89" sl="145" sc="1" el="145" ec="2" bec="0" bev="0" fileid="1" />
                <SequencePoint vc="85" uspid="147" ordinal="90" sl="147" sc="1" el="147" ec="2" bec="0" bev="0" fileid="1" />
                <SequencePoint vc="85" uspid="148" ordinal="91" sl="148" sc="1" el="148" ec="2" bec="2" bev="2" fileid="1" />
                <SequencePoint vc="518" uspid="149" ordinal="92" sl="149" sc="1" el="149" ec="2" bec="12" bev="12" fileid="1" />
                <SequencePoint vc="518" uspid="150" ordinal="93" sl="150" sc="1" el="150" ec="2" bec="0" bev="0" fileid="1" />
                <SequencePoint vc="433" uspid="151" ordinal="94" sl="151" sc="1" el="151" ec="2" bec="0" bev="0" fileid="1" />
                <SequencePoint vc="433" uspid="152" ordinal="95" sl="152" sc="1" el="152" ec="2" bec="4" bev="4" fileid="1" />
                <SequencePoint vc="433" uspid="153" ordinal="96" sl="153" sc="1" el="153" ec="2" bec="0" bev="0" fileid="1" />
                <SequencePoint vc="433" uspid="154" ordinal="97" sl="154" sc="1" el="154" ec="2" bec="0" bev="0" fileid="1" />
                <SequencePoint vc="85" uspid="155" ordinal="98" sl="155" sc="1" el="155" ec="2" bec="2" bev="2" fileid="1" />
                <SequencePoint vc="5" uspid="156" ordinal="99" sl="156" sc="1" el="156" ec="2" bec="0" bev="0" fileid="1" />
                <SequencePoint vc="5" uspid="157" ordinal="100" sl="157" sc="1" el="157" ec="2" bec="0" bev="0" fileid="1" />
                <SequencePoint vc="5" uspid="158" ordinal="101" sl="158" sc="1" el="158" ec="2" bec="0" bev="0" fileid="1" />
                <SequencePoint vc="80" uspid="160" ordinal="102" sl="160" sc="1" el="160" ec="2" bec="0" bev="0" fileid="1" />
                <SequencePoint vc="80" uspid="161" ordinal="103" sl="161" sc="1" el="161" ec="2" bec="0" bev="0" fileid="1" />
                <SequencePoint vc="88" uspid="162" ordinal="104" sl="162" sc="1" el="162" ec="2" bec="0" bev="0" fileid="1" />
                <SequencePoint vc="239" uspid="164" ordinal="105" sl="164" sc="1" el="164" ec="2" bec="0" bev="0" fileid="1" />
              </SequencePoints>
              <BranchPoints>
                <BranchPoint vc="76" uspid="43" ordinal="0" path="0" offset="29" offsetend="31" sl="43" fileid="1" />
                <BranchPoint vc="163" uspid="43" ordinal="1" path="1" offset="29" offsetend="46" sl="43" fileid="1" />
                <BranchPoint vc="23" uspid="51" ordinal="2" path="0" offset="68" offsetend="70" sl="51" fileid="1" />
                <BranchPoint vc="140" uspid="51" ordinal="3" path="1" offset="68" offsetend="104" sl="51" fileid="1" />
                <BranchPoint vc="30" uspid="57" ordinal="4" path="0" offset="113" offsetend="115" sl="57" fileid="1" />
                <BranchPoint vc="110" uspid="57" ordinal="5" path="1" offset="113" offsetend="149" sl="57" fileid="1" />
                <BranchPoint vc="105" uspid="63" ordinal="6" path="0" offset="152" offsetend="154" sl="63" fileid="1" />
                <BranchPoint vc="104" uspid="63" ordinal="8" path="0" offset="157" offsetend="159" sl="63" fileid="1" />
                <BranchPoint vc="103" uspid="63" ordinal="10" path="0" offset="162" offsetend="164" sl="63" fileid="1" />
                <BranchPoint vc="102" uspid="63" ordinal="12" path="0" offset="167" offsetend="169" sl="63" fileid="1" />
                <BranchPoint vc="101" uspid="63" ordinal="14" path="0" offset="172" offsetend="174" sl="63" fileid="1" />
                <BranchPoint vc="9" uspid="63" ordinal="7" path="1" offset="152" offsetend="181" sl="63" fileid="1" />
                <BranchPoint vc="9" uspid="63" ordinal="9" path="1" offset="157" offsetend="181" sl="63" fileid="1" />
                <BranchPoint vc="9" uspid="63" ordinal="11" path="1" offset="162" offsetend="181" sl="63" fileid="1" />
                <BranchPoint vc="9" uspid="63" ordinal="13" path="1" offset="167" offsetend="181" sl="63" fileid="1" />
                <BranchPoint vc="9" uspid="63" ordinal="15" path="1" offset="172" offsetend="181" sl="63" fileid="1" />
                <BranchPoint vc="9" uspid="63" ordinal="16" path="0" offset="186" offsetend="188" sl="63" fileid="1" />
                <BranchPoint vc="101" uspid="63" ordinal="17" path="1" offset="186" offsetend="222" sl="63" fileid="1" />
                <BranchPoint vc="99" uspid="69" ordinal="18" path="0" offset="225" offsetend="227" sl="69" fileid="1" />
                <BranchPoint vc="2" uspid="69" ordinal="19" path="1" offset="225" offsetend="234" sl="69" fileid="1" />
                <BranchPoint vc="4" uspid="69" ordinal="20" path="0" offset="239" offsetend="241" sl="69" fileid="1" />
                <BranchPoint vc="2" uspid="73" ordinal="22" path="0" offset="274" offsetend="276" sl="73" fileid="1" />
                <BranchPoint vc="2" uspid="73" ordinal="23" path="1" offset="274" offsetend="306" sl="73" fileid="1" />
                <BranchPoint vc="97" uspid="69" ordinal="21" path="1" offset="239" offsetend="333" sl="69" fileid="1" />
                <BranchPoint vc="0" uspid="82" ordinal="24" path="0" offset="342" offsetend="344" sl="82" fileid="1" />
                <BranchPoint vc="0" uspid="86" ordinal="26" path="0" offset="377" offsetend="379" sl="86" fileid="1" />
                <BranchPoint vc="0" uspid="86" ordinal="27" path="1" offset="377" offsetend="409" sl="86" fileid="1" />
                <BranchPoint vc="97" uspid="82" ordinal="25" path="1" offset="342" offsetend="427" sl="82" fileid="1" />
                <BranchPoint vc="2" uspid="95" ordinal="28" path="0" offset="436" offsetend="438" sl="95" fileid="1" />
                <BranchPoint vc="1" uspid="99" ordinal="30" path="0" offset="471" offsetend="473" sl="99" fileid="1" />
                <BranchPoint vc="1" uspid="99" ordinal="31" path="1" offset="471" offsetend="503" sl="99" fileid="1" />
                <BranchPoint vc="95" uspid="95" ordinal="29" path="1" offset="436" offsetend="530" sl="95" fileid="1" />
                <BranchPoint vc="2" uspid="108" ordinal="32" path="0" offset="539" offsetend="541" sl="108" fileid="1" />
                <BranchPoint vc="1" uspid="112" ordinal="34" path="0" offset="574" offsetend="576" sl="112" fileid="1" />
                <BranchPoint vc="1" uspid="112" ordinal="35" path="1" offset="574" offsetend="606" sl="112" fileid="1" />
                <BranchPoint vc="93" uspid="108" ordinal="33" path="1" offset="539" offsetend="633" sl="108" fileid="1" />
                <BranchPoint vc="4" uspid="124" ordinal="36" path="0" offset="660" offsetend="662" sl="124" fileid="1" />
                <BranchPoint vc="12" uspid="128" ordinal="41" path="1" offset="728" offsetend="677" sl="128" fileid="1" />
                <BranchPoint vc="16" uspid="128" ordinal="38" path="0" offset="698" offsetend="700" sl="128" fileid="1" />
                <BranchPoint vc="0" uspid="128" ordinal="39" path="1" offset="698" offsetend="723" sl="128" fileid="1" />
                <BranchPoint vc="4" uspid="128" ordinal="40" path="0" offset="728" offsetend="730" sl="128" fileid="1" />
                <BranchPoint vc="89" uspid="124" ordinal="37" path="1" offset="660" offsetend="766" sl="124" fileid="1" />
                <BranchPoint vc="4" uspid="135" ordinal="42" path="0" offset="788" offsetend="790" sl="135" fileid="1" />
                <BranchPoint vc="12" uspid="139" ordinal="47" path="1" offset="856" offsetend="805" sl="139" fileid="1" />
                <BranchPoint vc="16" uspid="139" ordinal="44" path="0" offset="826" offsetend="828" sl="139" fileid="1" />
                <BranchPoint vc="0" uspid="139" ordinal="45" path="1" offset="826" offsetend="851" sl="139" fileid="1" />
                <BranchPoint vc="4" uspid="139" ordinal="46" path="0" offset="856" offsetend="858" sl="139" fileid="1" />
                <BranchPoint vc="85" uspid="135" ordinal="43" path="1" offset="788" offsetend="894" sl="135" fileid="1" />
                <BranchPoint vc="80" uspid="148" ordinal="48" path="0" offset="914" offsetend="916" sl="148" fileid="1" />
                <BranchPoint vc="5" uspid="148" ordinal="49" path="1" offset="914" offsetend="936" sl="148" fileid="1" />
                <BranchPoint vc="433" uspid="149" ordinal="65" path="1" offset="1115" offsetend="941" sl="149" fileid="1" />
                <BranchPoint vc="14" uspid="152" ordinal="50" path="0" offset="944" offsetend="946" sl="152" fileid="1" />
                <BranchPoint vc="422" uspid="152" ordinal="51" path="1" offset="944" offsetend="967" sl="152" fileid="1" />
                <BranchPoint vc="422" uspid="152" ordinal="52" path="0" offset="965" offsetend="967" sl="152" fileid="1" />
                <BranchPoint vc="11" uspid="152" ordinal="53" path="1" offset="965" offsetend="987" sl="152" fileid="1" />
                <BranchPoint vc="490" uspid="149" ordinal="54" path="0" offset="1010" offsetend="1012" sl="149" fileid="1" />
                <BranchPoint vc="101" uspid="149" ordinal="56" path="0" offset="1031" offsetend="1033" sl="149" fileid="1" />
                <BranchPoint vc="76" uspid="149" ordinal="58" path="0" offset="1049" offsetend="1051" sl="149" fileid="1" />
                <BranchPoint vc="73" uspid="149" ordinal="60" path="0" offset="1067" offsetend="1069" sl="149" fileid="1" />
                <BranchPoint vc="65" uspid="149" ordinal="62" path="0" offset="1085" offsetend="1087" sl="149" fileid="1" />
                <BranchPoint vc="425" uspid="149" ordinal="57" path="1" offset="1031" offsetend="1107" sl="149" fileid="1" />
                <BranchPoint vc="425" uspid="149" ordinal="59" path="1" offset="1049" offsetend="1107" sl="149" fileid="1" />
                <BranchPoint vc="425" uspid="149" ordinal="61" path="1" offset="1067" offsetend="1107" sl="149" fileid="1" />
                <BranchPoint vc="425" uspid="149" ordinal="63" path="1" offset="1085" offsetend="1107" sl="149" fileid="1" />
                <BranchPoint vc="28" uspid="149" ordinal="55" path="1" offset="1010" offsetend="1110" sl="149" fileid="1" />
                <BranchPoint vc="85" uspid="149" ordinal="64" path="0" offset="1115" offsetend="1120" sl="149" fileid="1" />
                <BranchPoint vc="5" uspid="155" ordinal="66" path="0" offset="1126" offsetend="1128" sl="155" fileid="1" />
                <BranchPoint vc="80" uspid="155" ordinal="67" path="1" offset="1126" offsetend="1157" sl="155" fileid="1" />
              </BranchPoints>
              <MethodPoint vc="96" uspid="0" p8:type="SequencePoint" ordinal="4" offset="4" sc="0" sl="41" ec="1" el="164" bec="0" bev="0" fileid="1" xmlns:p8="xsi" />
            </Method>
            <Method cyclomaticComplexity="1" nPathComplexity="1" sequenceCoverage="100" branchCoverage="100" isConstructor="False" isGetter="False" isSetter="False" isStatic="True">
              <Summary numSequencePoints="4" visitedSequencePoints="4" numBranchPoints="0" visitedBranchPoints="0" sequenceCoverage="100" branchCoverage="100" maxCyclomaticComplexity="1" minCyclomaticComplexity="1" visitedClasses="0" numClasses="0" visitedMethods="1" numMethods="1" />
              <MetadataToken />
              <Name>System.String Robin.ExpressionLexer::GetValue(Robin.ExpressionToken)</Name>
              <FileRef uid="1" />
              <SequencePoints>
                <SequencePoint vc="13" uspid="169" ordinal="0" sl="169" sc="1" el="169" ec="2" bec="0" bev="0" fileid="1" />
                <SequencePoint vc="13" uspid="170" ordinal="1" sl="170" sc="1" el="170" ec="2" bec="0" bev="0" fileid="1" />
                <SequencePoint vc="13" uspid="171" ordinal="2" sl="171" sc="1" el="171" ec="2" bec="0" bev="0" fileid="1" />
                <SequencePoint vc="13" uspid="172" ordinal="3" sl="172" sc="1" el="172" ec="2" bec="0" bev="0" fileid="1" />
              </SequencePoints>
              <BranchPoints />
              <MethodPoint vc="4" uspid="0" p8:type="SequencePoint" ordinal="5" offset="5" sc="0" sl="169" ec="1" el="172" bec="0" bev="0" fileid="1" xmlns:p8="xsi" />
            </Method>
            <Method cyclomaticComplexity="1" nPathComplexity="1" sequenceCoverage="100" branchCoverage="100" isConstructor="True" isGetter="False" isSetter="False" isStatic="True">
              <Summary numSequencePoints="4" visitedSequencePoints="4" numBranchPoints="0" visitedBranchPoints="0" sequenceCoverage="100" branchCoverage="100" maxCyclomaticComplexity="1" minCyclomaticComplexity="1" visitedClasses="0" numClasses="0" visitedMethods="1" numMethods="1" />
              <MetadataToken />
              <Name>System.Void Robin.ExpressionLexer::.ctor(System.ReadOnlySpan`1&lt;System.Char&gt;)</Name>
              <FileRef uid="1" />
              <SequencePoints>
                <SequencePoint vc="62" uspid="11" ordinal="0" sl="11" sc="1" el="11" ec="2" bec="0" bev="0" fileid="1" />
                <SequencePoint vc="62" uspid="12" ordinal="1" sl="12" sc="1" el="12" ec="2" bec="0" bev="0" fileid="1" />
                <SequencePoint vc="62" uspid="13" ordinal="2" sl="13" sc="1" el="13" ec="2" bec="0" bev="0" fileid="1" />
                <SequencePoint vc="62" uspid="14" ordinal="3" sl="14" sc="1" el="14" ec="2" bec="0" bev="0" fileid="1" />
              </SequencePoints>
              <BranchPoints />
              <MethodPoint vc="4" uspid="0" p8:type="SequencePoint" ordinal="6" offset="6" sc="0" sl="11" ec="1" el="14" bec="0" bev="0" fileid="1" xmlns:p8="xsi" />
            </Method>
          </Methods>
        </Class>
        <Class>
          <Summary numSequencePoints="9" visitedSequencePoints="6" numBranchPoints="0" visitedBranchPoints="0" sequenceCoverage="66.66" branchCoverage="100" maxCyclomaticComplexity="1" minCyclomaticComplexity="1" visitedClasses="1" numClasses="1" visitedMethods="4" numMethods="5" />
          <FullName>Robin.ExpressionToken</FullName>
          <Methods>
            <Method cyclomaticComplexity="1" nPathComplexity="1" sequenceCoverage="100" branchCoverage="100" isConstructor="False" isGetter="True" isSetter="False" isStatic="True">
              <Summary numSequencePoints="1" visitedSequencePoints="1" numBranchPoints="0" visitedBranchPoints="0" sequenceCoverage="100" branchCoverage="100" maxCyclomaticComplexity="1" minCyclomaticComplexity="1" visitedClasses="0" numClasses="0" visitedMethods="1" numMethods="1" />
              <MetadataToken />
              <Name>Robin.ExpressionType Robin.ExpressionToken::get_Type()</Name>
              <FileRef uid="2" />
              <SequencePoints>
                <SequencePoint vc="310" uspid="5" ordinal="0" sl="5" sc="1" el="5" ec="2" bec="0" bev="0" fileid="2" />
              </SequencePoints>
              <BranchPoints />
              <MethodPoint vc="1" uspid="0" p8:type="SequencePoint" ordinal="0" offset="0" sc="0" sl="5" ec="1" el="5" bec="0" bev="0" fileid="2" xmlns:p8="xsi" />
            </Method>
            <Method cyclomaticComplexity="1" nPathComplexity="1" sequenceCoverage="100" branchCoverage="100" isConstructor="False" isGetter="True" isSetter="False" isStatic="True">
              <Summary numSequencePoints="1" visitedSequencePoints="1" numBranchPoints="0" visitedBranchPoints="0" sequenceCoverage="100" branchCoverage="100" maxCyclomaticComplexity="1" minCyclomaticComplexity="1" visitedClasses="0" numClasses="0" visitedMethods="1" numMethods="1" />
              <MetadataToken />
              <Name>System.Int32 Robin.ExpressionToken::get_Start()</Name>
              <FileRef uid="2" />
              <SequencePoints>
                <SequencePoint vc="83" uspid="6" ordinal="0" sl="6" sc="1" el="6" ec="2" bec="0" bev="0" fileid="2" />
              </SequencePoints>
              <BranchPoints />
              <MethodPoint vc="1" uspid="0" p8:type="SequencePoint" ordinal="1" offset="1" sc="0" sl="6" ec="1" el="6" bec="0" bev="0" fileid="2" xmlns:p8="xsi" />
            </Method>
            <Method cyclomaticComplexity="1" nPathComplexity="1" sequenceCoverage="100" branchCoverage="100" isConstructor="False" isGetter="True" isSetter="False" isStatic="True">
              <Summary numSequencePoints="1" visitedSequencePoints="1" numBranchPoints="0" visitedBranchPoints="0" sequenceCoverage="100" branchCoverage="100" maxCyclomaticComplexity="1" minCyclomaticComplexity="1" visitedClasses="0" numClasses="0" visitedMethods="1" numMethods="1" />
              <MetadataToken />
              <Name>System.Int32 Robin.ExpressionToken::get_Length()</Name>
              <FileRef uid="2" />
              <SequencePoints>
                <SequencePoint vc="83" uspid="7" ordinal="0" sl="7" sc="1" el="7" ec="2" bec="0" bev="0" fileid="2" />
              </SequencePoints>
              <BranchPoints />
              <MethodPoint vc="1" uspid="0" p8:type="SequencePoint" ordinal="2" offset="2" sc="0" sl="7" ec="1" el="7" bec="0" bev="0" fileid="2" xmlns:p8="xsi" />
            </Method>
            <Method cyclomaticComplexity="1" nPathComplexity="1" sequenceCoverage="100" branchCoverage="100" isConstructor="False" isGetter="False" isSetter="False" isStatic="True">
              <Summary numSequencePoints="3" visitedSequencePoints="3" numBranchPoints="0" visitedBranchPoints="0" sequenceCoverage="100" branchCoverage="100" maxCyclomaticComplexity="1" minCyclomaticComplexity="1" visitedClasses="0" numClasses="0" visitedMethods="1" numMethods="1" />
              <MetadataToken />
              <Name>System.ReadOnlySpan`1&lt;System.Char&gt; Robin.ExpressionToken::GetValue(System.ReadOnlySpan`1&lt;System.Char&gt;)</Name>
              <FileRef uid="2" />
              <SequencePoints>
                <SequencePoint vc="70" uspid="10" ordinal="0" sl="10" sc="1" el="10" ec="2" bec="0" bev="0" fileid="2" />
                <SequencePoint vc="70" uspid="11" ordinal="1" sl="11" sc="1" el="11" ec="2" bec="0" bev="0" fileid="2" />
                <SequencePoint vc="70" uspid="12" ordinal="2" sl="12" sc="1" el="12" ec="2" bec="0" bev="0" fileid="2" />
              </SequencePoints>
              <BranchPoints />
              <MethodPoint vc="3" uspid="0" p8:type="SequencePoint" ordinal="3" offset="3" sc="0" sl="10" ec="1" el="12" bec="0" bev="0" fileid="2" xmlns:p8="xsi" />
            </Method>
            <Method cyclomaticComplexity="1" nPathComplexity="1" sequenceCoverage="0" branchCoverage="100" isConstructor="False" isGetter="False" isSetter="False" isStatic="True">
              <Summary numSequencePoints="3" visitedSequencePoints="0" numBranchPoints="0" visitedBranchPoints="0" sequenceCoverage="0" branchCoverage="100" maxCyclomaticComplexity="1" minCyclomaticComplexity="1" visitedClasses="0" numClasses="0" visitedMethods="0" numMethods="1" />
              <MetadataToken />
              <Name>System.String Robin.ExpressionToken::ToString()</Name>
              <FileRef uid="2" />
              <SequencePoints>
                <SequencePoint vc="0" uspid="15" ordinal="0" sl="15" sc="1" el="15" ec="2" bec="0" bev="0" fileid="2" />
                <SequencePoint vc="0" uspid="16" ordinal="1" sl="16" sc="1" el="16" ec="2" bec="0" bev="0" fileid="2" />
                <SequencePoint vc="0" uspid="17" ordinal="2" sl="17" sc="1" el="17" ec="2" bec="0" bev="0" fileid="2" />
              </SequencePoints>
              <BranchPoints />
              <MethodPoint vc="0" uspid="0" p8:type="SequencePoint" ordinal="4" offset="4" sc="0" sl="15" ec="1" el="17" bec="0" bev="0" fileid="2" xmlns:p8="xsi" />
            </Method>
          </Methods>
        </Class>
        <Class>
          <Summary numSequencePoints="124" visitedSequencePoints="96" numBranchPoints="52" visitedBranchPoints="43" sequenceCoverage="77.41" branchCoverage="82.69" maxCyclomaticComplexity="34" minCyclomaticComplexity="1" visitedClasses="1" numClasses="1" visitedMethods="5" numMethods="8" />
          <FullName>Robin.Lexer</FullName>
          <Methods>
            <Method cyclomaticComplexity="1" nPathComplexity="1" sequenceCoverage="0" branchCoverage="100" isConstructor="False" isGetter="False" isSetter="False" isStatic="True">
              <Summary numSequencePoints="3" visitedSequencePoints="0" numBranchPoints="0" visitedBranchPoints="0" sequenceCoverage="0" branchCoverage="100" maxCyclomaticComplexity="1" minCyclomaticComplexity="1" visitedClasses="0" numClasses="0" visitedMethods="0" numMethods="1" />
              <MetadataToken />
              <Name>System.Void Robin.Lexer::AdvanceTo(System.Int32)</Name>
              <FileRef uid="3" />
              <SequencePoints>
                <SequencePoint vc="0" uspid="18" ordinal="0" sl="18" sc="1" el="18" ec="2" bec="0" bev="0" fileid="3" />
                <SequencePoint vc="0" uspid="19" ordinal="1" sl="19" sc="1" el="19" ec="2" bec="0" bev="0" fileid="3" />
                <SequencePoint vc="0" uspid="20" ordinal="2" sl="20" sc="1" el="20" ec="2" bec="0" bev="0" fileid="3" />
              </SequencePoints>
              <BranchPoints />
              <MethodPoint vc="0" uspid="0" p8:type="SequencePoint" ordinal="0" offset="0" sc="0" sl="18" ec="1" el="20" bec="0" bev="0" fileid="3" xmlns:p8="xsi" />
            </Method>
            <Method cyclomaticComplexity="1" nPathComplexity="1" sequenceCoverage="0" branchCoverage="100" isConstructor="False" isGetter="False" isSetter="False" isStatic="True">
              <Summary numSequencePoints="6" visitedSequencePoints="0" numBranchPoints="0" visitedBranchPoints="0" sequenceCoverage="0" branchCoverage="100" maxCyclomaticComplexity="1" minCyclomaticComplexity="1" visitedClasses="0" numClasses="0" visitedMethods="0" numMethods="1" />
              <MetadataToken />
              <Name>System.Boolean Robin.Lexer::TryPeekNextToken(System.Nullable`1&lt;Robin.Token&gt;&amp;,System.Int32&amp;)</Name>
              <FileRef uid="3" />
              <SequencePoints>
                <SequencePoint vc="0" uspid="22" ordinal="0" sl="22" sc="1" el="22" ec="2" bec="0" bev="0" fileid="3" />
                <SequencePoint vc="0" uspid="23" ordinal="1" sl="23" sc="1" el="23" ec="2" bec="0" bev="0" fileid="3" />
                <SequencePoint vc="0" uspid="24" ordinal="2" sl="24" sc="1" el="24" ec="2" bec="0" bev="0" fileid="3" />
                <SequencePoint vc="0" uspid="25" ordinal="3" sl="25" sc="1" el="25" ec="2" bec="0" bev="0" fileid="3" />
                <SequencePoint vc="0" uspid="26" ordinal="4" sl="26" sc="1" el="26" ec="2" bec="0" bev="0" fileid="3" />
                <SequencePoint vc="0" uspid="27" ordinal="5" sl="27" sc="1" el="27" ec="2" bec="0" bev="0" fileid="3" />
              </SequencePoints>
              <BranchPoints />
              <MethodPoint vc="0" uspid="0" p8:type="SequencePoint" ordinal="1" offset="1" sc="0" sl="22" ec="1" el="27" bec="0" bev="0" fileid="3" xmlns:p8="xsi" />
            </Method>
            <Method cyclomaticComplexity="1" nPathComplexity="1" sequenceCoverage="100" branchCoverage="100" isConstructor="False" isGetter="False" isSetter="False" isStatic="True">
              <Summary numSequencePoints="3" visitedSequencePoints="3" numBranchPoints="0" visitedBranchPoints="0" sequenceCoverage="100" branchCoverage="100" maxCyclomaticComplexity="1" minCyclomaticComplexity="1" visitedClasses="0" numClasses="0" visitedMethods="1" numMethods="1" />
              <MetadataToken />
              <Name>System.Boolean Robin.Lexer::TryGetNextToken(System.Nullable`1&lt;Robin.Token&gt;&amp;)</Name>
              <FileRef uid="3" />
              <SequencePoints>
                <SequencePoint vc="42" uspid="29" ordinal="0" sl="29" sc="1" el="29" ec="2" bec="0" bev="0" fileid="3" />
                <SequencePoint vc="42" uspid="30" ordinal="1" sl="30" sc="1" el="30" ec="2" bec="0" bev="0" fileid="3" />
                <SequencePoint vc="42" uspid="32" ordinal="2" sl="32" sc="1" el="32" ec="2" bec="0" bev="0" fileid="3" />
              </SequencePoints>
              <BranchPoints />
              <MethodPoint vc="3" uspid="0" p8:type="SequencePoint" ordinal="2" offset="2" sc="0" sl="29" ec="1" el="32" bec="0" bev="0" fileid="3" xmlns:p8="xsi" />
            </Method>
            <Method cyclomaticComplexity="6" nPathComplexity="6" sequenceCoverage="71.42" branchCoverage="83.33" isConstructor="False" isGetter="False" isSetter="False" isStatic="True">
              <Summary numSequencePoints="21" visitedSequencePoints="15" numBranchPoints="6" visitedBranchPoints="5" sequenceCoverage="71.42" branchCoverage="83.33" maxCyclomaticComplexity="6" minCyclomaticComplexity="6" visitedClasses="0" numClasses="0" visitedMethods="1" numMethods="1" />
              <MetadataToken />
              <Name>System.Boolean Robin.Lexer::TryGetNextToken(System.Nullable`1&lt;Robin.Token&gt;&amp;,System.Int32&amp;)</Name>
              <FileRef uid="3" />
              <SequencePoints>
                <SequencePoint vc="42" uspid="34" ordinal="0" sl="34" sc="1" el="34" ec="2" bec="0" bev="0" fileid="3" />
                <SequencePoint vc="42" uspid="35" ordinal="1" sl="35" sc="1" el="35" ec="2" bec="2" bev="2" fileid="3" />
                <SequencePoint vc="11" uspid="36" ordinal="2" sl="36" sc="1" el="36" ec="2" bec="0" bev="0" fileid="3" />
                <SequencePoint vc="11" uspid="37" ordinal="3" sl="37" sc="1" el="37" ec="2" bec="0" bev="0" fileid="3" />
                <SequencePoint vc="11" uspid="38" ordinal="4" sl="38" sc="1" el="38" ec="2" bec="0" bev="0" fileid="3" />
                <SequencePoint vc="31" uspid="42" ordinal="5" sl="42" sc="1" el="42" ec="2" bec="0" bev="0" fileid="3" />
                <SequencePoint vc="31" uspid="45" ordinal="6" sl="45" sc="1" el="45" ec="2" bec="2" bev="1" fileid="3" />
                <SequencePoint vc="0" uspid="46" ordinal="7" sl="46" sc="1" el="46" ec="2" bec="0" bev="0" fileid="3" />
                <SequencePoint vc="0" uspid="47" ordinal="8" sl="47" sc="1" el="47" ec="2" bec="0" bev="0" fileid="3" />
                <SequencePoint vc="0" uspid="48" ordinal="9" sl="48" sc="1" el="48" ec="2" bec="0" bev="0" fileid="3" />
                <SequencePoint vc="0" uspid="49" ordinal="10" sl="49" sc="1" el="49" ec="2" bec="0" bev="0" fileid="3" />
                <SequencePoint vc="0" uspid="50" ordinal="11" sl="50" sc="1" el="50" ec="2" bec="0" bev="0" fileid="3" />
                <SequencePoint vc="0" uspid="51" ordinal="12" sl="51" sc="1" el="51" ec="2" bec="0" bev="0" fileid="3" />
                <SequencePoint vc="31" uspid="55" ordinal="13" sl="55" sc="1" el="55" ec="2" bec="2" bev="2" fileid="3" />
                <SequencePoint vc="10" uspid="56" ordinal="14" sl="56" sc="1" el="56" ec="2" bec="0" bev="0" fileid="3" />
                <SequencePoint vc="10" uspid="57" ordinal="15" sl="57" sc="1" el="57" ec="2" bec="0" bev="0" fileid="3" />
                <SequencePoint vc="10" uspid="58" ordinal="16" sl="58" sc="1" el="58" ec="2" bec="0" bev="0" fileid="3" />
                <SequencePoint vc="10" uspid="59" ordinal="17" sl="59" sc="1" el="59" ec="2" bec="0" bev="0" fileid="3" />
                <SequencePoint vc="10" uspid="60" ordinal="18" sl="60" sc="1" el="60" ec="2" bec="0" bev="0" fileid="3" />
                <SequencePoint vc="21" uspid="64" ordinal="19" sl="64" sc="1" el="64" ec="2" bec="0" bev="0" fileid="3" />
                <SequencePoint vc="42" uspid="65" ordinal="20" sl="65" sc="1" el="65" ec="2" bec="0" bev="0" fileid="3" />
              </SequencePoints>
              <BranchPoints>
                <BranchPoint vc="11" uspid="35" ordinal="0" path="0" offset="21" offsetend="23" sl="35" fileid="3" />
                <BranchPoint vc="31" uspid="35" ordinal="1" path="1" offset="21" offsetend="38" sl="35" fileid="3" />
                <BranchPoint vc="0" uspid="45" ordinal="2" path="0" offset="85" offsetend="87" sl="45" fileid="3" />
                <BranchPoint vc="31" uspid="45" ordinal="3" path="1" offset="85" offsetend="146" sl="45" fileid="3" />
                <BranchPoint vc="10" uspid="55" ordinal="4" path="0" offset="154" offsetend="156" sl="55" fileid="3" />
                <BranchPoint vc="21" uspid="55" ordinal="5" path="1" offset="154" offsetend="191" sl="55" fileid="3" />
              </BranchPoints>
              <MethodPoint vc="15" uspid="0" p8:type="SequencePoint" ordinal="3" offset="3" sc="0" sl="34" ec="1" el="65" bec="0" bev="0" fileid="3" xmlns:p8="xsi" />
            </Method>
            <Method cyclomaticComplexity="34" nPathComplexity="34" sequenceCoverage="87.87" branchCoverage="85.29" isConstructor="False" isGetter="False" isSetter="False" isStatic="True">
              <Summary numSequencePoints="66" visitedSequencePoints="58" numBranchPoints="34" visitedBranchPoints="29" sequenceCoverage="87.87" branchCoverage="85.29" maxCyclomaticComplexity="34" minCyclomaticComplexity="34" visitedClasses="0" numClasses="0" visitedMethods="1" numMethods="1" />
              <MetadataToken />
              <Name>System.Boolean Robin.Lexer::TryParseMustacheTag(System.Nullable`1&lt;Robin.Token&gt;&amp;,System.Int32&amp;)</Name>
              <FileRef uid="3" />
              <SequencePoints>
                <SequencePoint vc="21" uspid="68" ordinal="0" sl="68" sc="1" el="68" ec="2" bec="0" bev="0" fileid="3" />
                <SequencePoint vc="21" uspid="69" ordinal="1" sl="69" sc="1" el="69" ec="2" bec="0" bev="0" fileid="3" />
                <SequencePoint vc="21" uspid="70" ordinal="2" sl="70" sc="1" el="70" ec="2" bec="0" bev="0" fileid="3" />
                <SequencePoint vc="21" uspid="72" ordinal="3" sl="72" sc="1" el="72" ec="2" bec="2" bev="1" fileid="3" />
                <SequencePoint vc="0" uspid="73" ordinal="4" sl="73" sc="1" el="73" ec="2" bec="0" bev="0" fileid="3" />
                <SequencePoint vc="0" uspid="74" ordinal="5" sl="74" sc="1" el="74" ec="2" bec="0" bev="0" fileid="3" />
                <SequencePoint vc="0" uspid="75" ordinal="6" sl="75" sc="1" el="75" ec="2" bec="0" bev="0" fileid="3" />
                <SequencePoint vc="21" uspid="79" ordinal="7" sl="79" sc="1" el="79" ec="2" bec="0" bev="0" fileid="3" />
                <SequencePoint vc="21" uspid="80" ordinal="8" sl="80" sc="1" el="80" ec="2" bec="2" bev="2" fileid="3" />
                <SequencePoint vc="4" uspid="81" ordinal="9" sl="81" sc="1" el="81" ec="2" bec="0" bev="0" fileid="3" />
                <SequencePoint vc="4" uspid="82" ordinal="10" sl="82" sc="1" el="82" ec="2" bec="0" bev="0" fileid="3" />
                <SequencePoint vc="4" uspid="83" ordinal="11" sl="83" sc="1" el="83" ec="2" bec="0" bev="0" fileid="3" />
                <SequencePoint vc="21" uspid="86" ordinal="12" sl="86" sc="1" el="86" ec="2" bec="2" bev="1" fileid="3" />
                <SequencePoint vc="21" uspid="87" ordinal="13" sl="87" sc="1" el="87" ec="2" bec="0" bev="0" fileid="3" />
                <SequencePoint vc="21" uspid="88" ordinal="14" sl="88" sc="1" el="88" ec="2" bec="0" bev="0" fileid="3" />
                <SequencePoint vc="21" uspid="90" ordinal="15" sl="90" sc="1" el="90" ec="2" bec="14" bev="14" fileid="3" />
                <SequencePoint vc="1" uspid="93" ordinal="16" sl="93" sc="1" el="93" ec="2" bec="0" bev="0" fileid="3" />
                <SequencePoint vc="1" uspid="94" ordinal="17" sl="94" sc="1" el="94" ec="2" bec="0" bev="0" fileid="3" />
                <SequencePoint vc="1" uspid="95" ordinal="18" sl="95" sc="1" el="95" ec="2" bec="0" bev="0" fileid="3" />
                <SequencePoint vc="1" uspid="96" ordinal="19" sl="96" sc="1" el="96" ec="2" bec="0" bev="0" fileid="3" />
                <SequencePoint vc="3" uspid="98" ordinal="20" sl="98" sc="1" el="98" ec="2" bec="0" bev="0" fileid="3" />
                <SequencePoint vc="3" uspid="99" ordinal="21" sl="99" sc="1" el="99" ec="2" bec="0" bev="0" fileid="3" />
                <SequencePoint vc="3" uspid="100" ordinal="22" sl="100" sc="1" el="100" ec="2" bec="0" bev="0" fileid="3" />
                <SequencePoint vc="3" uspid="101" ordinal="23" sl="101" sc="1" el="101" ec="2" bec="0" bev="0" fileid="3" />
                <SequencePoint vc="3" uspid="103" ordinal="24" sl="103" sc="1" el="103" ec="2" bec="0" bev="0" fileid="3" />
                <SequencePoint vc="3" uspid="104" ordinal="25" sl="104" sc="1" el="104" ec="2" bec="0" bev="0" fileid="3" />
                <SequencePoint vc="3" uspid="105" ordinal="26" sl="105" sc="1" el="105" ec="2" bec="0" bev="0" fileid="3" />
                <SequencePoint vc="3" uspid="106" ordinal="27" sl="106" sc="1" el="106" ec="2" bec="0" bev="0" fileid="3" />
                <SequencePoint vc="2" uspid="108" ordinal="28" sl="108" sc="1" el="108" ec="2" bec="0" bev="0" fileid="3" />
                <SequencePoint vc="2" uspid="109" ordinal="29" sl="109" sc="1" el="109" ec="2" bec="0" bev="0" fileid="3" />
                <SequencePoint vc="2" uspid="110" ordinal="30" sl="110" sc="1" el="110" ec="2" bec="0" bev="0" fileid="3" />
                <SequencePoint vc="2" uspid="111" ordinal="31" sl="111" sc="1" el="111" ec="2" bec="0" bev="0" fileid="3" />
                <SequencePoint vc="1" uspid="113" ordinal="32" sl="113" sc="1" el="113" ec="2" bec="0" bev="0" fileid="3" />
                <SequencePoint vc="1" uspid="114" ordinal="33" sl="114" sc="1" el="114" ec="2" bec="0" bev="0" fileid="3" />
                <SequencePoint vc="1" uspid="115" ordinal="34" sl="115" sc="1" el="115" ec="2" bec="0" bev="0" fileid="3" />
                <SequencePoint vc="1" uspid="116" ordinal="35" sl="116" sc="1" el="116" ec="2" bec="0" bev="0" fileid="3" />
                <SequencePoint vc="1" uspid="118" ordinal="36" sl="118" sc="1" el="118" ec="2" bec="0" bev="0" fileid="3" />
                <SequencePoint vc="1" uspid="119" ordinal="37" sl="119" sc="1" el="119" ec="2" bec="0" bev="0" fileid="3" />
                <SequencePoint vc="1" uspid="120" ordinal="38" sl="120" sc="1" el="120" ec="2" bec="0" bev="0" fileid="3" />
                <SequencePoint vc="1" uspid="121" ordinal="39" sl="121" sc="1" el="121" ec="2" bec="0" bev="0" fileid="3" />
                <SequencePoint vc="10" uspid="123" ordinal="40" sl="123" sc="1" el="123" ec="2" bec="2" bev="2" fileid="3" />
                <SequencePoint vc="4" uspid="124" ordinal="41" sl="124" sc="1" el="124" ec="2" bec="0" bev="0" fileid="3" />
                <SequencePoint vc="4" uspid="125" ordinal="42" sl="125" sc="1" el="125" ec="2" bec="0" bev="0" fileid="3" />
                <SequencePoint vc="4" uspid="126" ordinal="43" sl="126" sc="1" el="126" ec="2" bec="0" bev="0" fileid="3" />
                <SequencePoint vc="10" uspid="127" ordinal="44" sl="127" sc="1" el="127" ec="2" bec="0" bev="0" fileid="3" />
                <SequencePoint vc="21" uspid="131" ordinal="45" sl="131" sc="1" el="131" ec="2" bec="2" bev="2" fileid="3" />
                <SequencePoint vc="21" uspid="132" ordinal="46" sl="132" sc="1" el="132" ec="2" bec="0" bev="0" fileid="3" />
                <SequencePoint vc="21" uspid="134" ordinal="47" sl="134" sc="1" el="134" ec="2" bec="2" bev="1" fileid="3" />
                <SequencePoint vc="0" uspid="135" ordinal="48" sl="135" sc="1" el="135" ec="2" bec="0" bev="0" fileid="3" />
                <SequencePoint vc="0" uspid="137" ordinal="49" sl="137" sc="1" el="137" ec="2" bec="0" bev="0" fileid="3" />
                <SequencePoint vc="0" uspid="138" ordinal="50" sl="138" sc="1" el="138" ec="2" bec="0" bev="0" fileid="3" />
                <SequencePoint vc="0" uspid="139" ordinal="51" sl="139" sc="1" el="139" ec="2" bec="0" bev="0" fileid="3" />
                <SequencePoint vc="0" uspid="140" ordinal="52" sl="140" sc="1" el="140" ec="2" bec="0" bev="0" fileid="3" />
                <SequencePoint vc="21" uspid="144" ordinal="53" sl="144" sc="1" el="144" ec="2" bec="0" bev="0" fileid="3" />
                <SequencePoint vc="25" uspid="145" ordinal="54" sl="145" sc="1" el="145" ec="2" bec="4" bev="3" fileid="3" />
                <SequencePoint vc="4" uspid="146" ordinal="55" sl="146" sc="1" el="146" ec="2" bec="0" bev="0" fileid="3" />
                <SequencePoint vc="4" uspid="147" ordinal="56" sl="147" sc="1" el="147" ec="2" bec="0" bev="0" fileid="3" />
                <SequencePoint vc="4" uspid="148" ordinal="57" sl="148" sc="1" el="148" ec="2" bec="0" bev="0" fileid="3" />
                <SequencePoint vc="23" uspid="149" ordinal="58" sl="149" sc="1" el="149" ec="2" bec="4" bev="3" fileid="3" />
                <SequencePoint vc="2" uspid="150" ordinal="59" sl="150" sc="1" el="150" ec="2" bec="0" bev="0" fileid="3" />
                <SequencePoint vc="2" uspid="151" ordinal="60" sl="151" sc="1" el="151" ec="2" bec="0" bev="0" fileid="3" />
                <SequencePoint vc="2" uspid="152" ordinal="61" sl="152" sc="1" el="152" ec="2" bec="0" bev="0" fileid="3" />
                <SequencePoint vc="21" uspid="154" ordinal="62" sl="154" sc="1" el="154" ec="2" bec="0" bev="0" fileid="3" />
                <SequencePoint vc="21" uspid="156" ordinal="63" sl="156" sc="1" el="156" ec="2" bec="0" bev="0" fileid="3" />
                <SequencePoint vc="21" uspid="157" ordinal="64" sl="157" sc="1" el="157" ec="2" bec="0" bev="0" fileid="3" />
                <SequencePoint vc="21" uspid="158" ordinal="65" sl="158" sc="1" el="158" ec="2" bec="0" bev="0" fileid="3" />
              </SequencePoints>
              <BranchPoints>
                <BranchPoint vc="0" uspid="72" ordinal="0" path="0" offset="41" offsetend="43" sl="72" fileid="3" />
                <BranchPoint vc="21" uspid="72" ordinal="1" path="1" offset="41" offsetend="59" sl="72" fileid="3" />
                <BranchPoint vc="4" uspid="80" ordinal="2" path="0" offset="83" offsetend="85" sl="80" fileid="3" />
                <BranchPoint vc="21" uspid="80" ordinal="3" path="1" offset="83" offsetend="93" sl="80" fileid="3" />
                <BranchPoint vc="0" uspid="86" ordinal="4" path="0" offset="106" offsetend="108" sl="86" fileid="3" />
                <BranchPoint vc="21" uspid="86" ordinal="5" path="1" offset="106" offsetend="111" sl="86" fileid="3" />
                <BranchPoint vc="6" uspid="90" ordinal="6" path="0" offset="143" offsetend="145" sl="90" fileid="3" />
                <BranchPoint vc="5" uspid="90" ordinal="8" path="0" offset="149" offsetend="153" sl="90" fileid="3" />
                <BranchPoint vc="2" uspid="90" ordinal="10" path="0" offset="157" offsetend="161" sl="90" fileid="3" />
                <BranchPoint vc="15" uspid="90" ordinal="7" path="1" offset="143" offsetend="169" sl="90" fileid="3" />
                <BranchPoint vc="12" uspid="90" ordinal="14" path="0" offset="173" offsetend="177" sl="90" fileid="3" />
                <BranchPoint vc="11" uspid="90" ordinal="16" path="0" offset="181" offsetend="185" sl="90" fileid="3" />
                <BranchPoint vc="1" uspid="90" ordinal="13" path="1" offset="165" offsetend="193" sl="90" fileid="3" />
                <BranchPoint vc="3" uspid="90" ordinal="11" path="1" offset="157" offsetend="207" sl="90" fileid="3" />
                <BranchPoint vc="3" uspid="90" ordinal="15" path="1" offset="173" offsetend="221" sl="90" fileid="3" />
                <BranchPoint vc="2" uspid="90" ordinal="19" path="1" offset="189" offsetend="235" sl="90" fileid="3" />
                <BranchPoint vc="1" uspid="90" ordinal="9" path="1" offset="149" offsetend="249" sl="90" fileid="3" />
                <BranchPoint vc="1" uspid="90" ordinal="17" path="1" offset="181" offsetend="263" sl="90" fileid="3" />
                <BranchPoint vc="10" uspid="90" ordinal="12" path="0" offset="165" offsetend="277" sl="90" fileid="3" />
                <BranchPoint vc="10" uspid="90" ordinal="18" path="0" offset="189" offsetend="277" sl="90" fileid="3" />
                <BranchPoint vc="4" uspid="123" ordinal="20" path="0" offset="282" offsetend="284" sl="123" fileid="3" />
                <BranchPoint vc="21" uspid="123" ordinal="21" path="1" offset="282" offsetend="290" sl="123" fileid="3" />
                <BranchPoint vc="17" uspid="131" ordinal="22" path="0" offset="291" offsetend="293" sl="131" fileid="3" />
                <BranchPoint vc="4" uspid="131" ordinal="23" path="1" offset="291" offsetend="300" sl="131" fileid="3" />
                <BranchPoint vc="0" uspid="134" ordinal="24" path="0" offset="356" offsetend="358" sl="134" fileid="3" />
                <BranchPoint vc="21" uspid="134" ordinal="25" path="1" offset="356" offsetend="395" sl="134" fileid="3" />
                <BranchPoint vc="4" uspid="145" ordinal="29" path="1" offset="444" offsetend="404" sl="145" fileid="3" />
                <BranchPoint vc="25" uspid="145" ordinal="26" path="0" offset="416" offsetend="418" sl="145" fileid="3" />
                <BranchPoint vc="0" uspid="145" ordinal="27" path="1" offset="416" offsetend="439" sl="145" fileid="3" />
                <BranchPoint vc="2" uspid="149" ordinal="33" path="1" offset="490" offsetend="448" sl="149" fileid="3" />
                <BranchPoint vc="23" uspid="145" ordinal="28" path="0" offset="444" offsetend="456" sl="145" fileid="3" />
                <BranchPoint vc="23" uspid="149" ordinal="30" path="0" offset="460" offsetend="462" sl="149" fileid="3" />
                <BranchPoint vc="0" uspid="149" ordinal="31" path="1" offset="460" offsetend="485" sl="149" fileid="3" />
                <BranchPoint vc="21" uspid="149" ordinal="32" path="0" offset="490" offsetend="492" sl="149" fileid="3" />
              </BranchPoints>
              <MethodPoint vc="58" uspid="0" p8:type="SequencePoint" ordinal="4" offset="4" sc="0" sl="68" ec="1" el="158" bec="0" bev="0" fileid="3" xmlns:p8="xsi" />
            </Method>
            <Method cyclomaticComplexity="12" nPathComplexity="12" sequenceCoverage="94.11" branchCoverage="75" isConstructor="False" isGetter="False" isSetter="False" isStatic="True">
              <Summary numSequencePoints="17" visitedSequencePoints="16" numBranchPoints="12" visitedBranchPoints="9" sequenceCoverage="94.11" branchCoverage="75" maxCyclomaticComplexity="12" minCyclomaticComplexity="12" visitedClasses="0" numClasses="0" visitedMethods="1" numMethods="1" />
              <MetadataToken />
              <Name>System.Int32 Robin.Lexer::IndexOf(System.ReadOnlySpan`1&lt;System.Char&gt;,System.String)</Name>
              <FileRef uid="3" />
              <SequencePoints>
                <SequencePoint vc="52" uspid="161" ordinal="0" sl="161" sc="1" el="161" ec="2" bec="0" bev="0" fileid="3" />
                <SequencePoint vc="52" uspid="162" ordinal="1" sl="162" sc="1" el="162" ec="2" bec="2" bev="1" fileid="3" />
                <SequencePoint vc="52" uspid="163" ordinal="2" sl="163" sc="1" el="163" ec="2" bec="2" bev="1" fileid="3" />
                <SequencePoint vc="566" uspid="165" ordinal="3" sl="165" sc="1" el="165" ec="2" bec="2" bev="1" fileid="3" />
                <SequencePoint vc="283" uspid="166" ordinal="4" sl="166" sc="1" el="166" ec="2" bec="0" bev="0" fileid="3" />
                <SequencePoint vc="283" uspid="167" ordinal="5" sl="167" sc="1" el="167" ec="2" bec="0" bev="0" fileid="3" />
                <SequencePoint vc="782" uspid="168" ordinal="6" sl="168" sc="1" el="168" ec="2" bec="2" bev="2" fileid="3" />
                <SequencePoint vc="339" uspid="169" ordinal="7" sl="169" sc="1" el="169" ec="2" bec="0" bev="0" fileid="3" />
                <SequencePoint vc="339" uspid="170" ordinal="8" sl="170" sc="1" el="170" ec="2" bec="2" bev="2" fileid="3" />
                <SequencePoint vc="231" uspid="171" ordinal="9" sl="171" sc="1" el="171" ec="2" bec="0" bev="0" fileid="3" />
                <SequencePoint vc="231" uspid="172" ordinal="10" sl="172" sc="1" el="172" ec="2" bec="0" bev="0" fileid="3" />
                <SequencePoint vc="231" uspid="173" ordinal="11" sl="173" sc="1" el="173" ec="2" bec="0" bev="0" fileid="3" />
                <SequencePoint vc="108" uspid="175" ordinal="12" sl="175" sc="1" el="175" ec="2" bec="0" bev="0" fileid="3" />
                <SequencePoint vc="335" uspid="176" ordinal="13" sl="176" sc="1" el="176" ec="2" bec="2" bev="2" fileid="3" />
                <SequencePoint vc="231" uspid="177" ordinal="14" sl="177" sc="1" el="177" ec="2" bec="0" bev="0" fileid="3" />
                <SequencePoint vc="0" uspid="178" ordinal="15" sl="178" sc="1" el="178" ec="2" bec="0" bev="0" fileid="3" />
                <SequencePoint vc="52" uspid="179" ordinal="16" sl="179" sc="1" el="179" ec="2" bec="0" bev="0" fileid="3" />
              </SequencePoints>
              <BranchPoints>
                <BranchPoint vc="0" uspid="162" ordinal="0" path="0" offset="12" offsetend="14" sl="162" fileid="3" />
                <BranchPoint vc="52" uspid="162" ordinal="1" path="1" offset="12" offsetend="21" sl="162" fileid="3" />
                <BranchPoint vc="0" uspid="163" ordinal="2" path="0" offset="38" offsetend="40" sl="163" fileid="3" />
                <BranchPoint vc="52" uspid="163" ordinal="3" path="1" offset="38" offsetend="44" sl="163" fileid="3" />
                <BranchPoint vc="283" uspid="165" ordinal="11" path="1" offset="159" offsetend="48" sl="165" fileid="3" />
                <BranchPoint vc="339" uspid="168" ordinal="7" path="1" offset="116" offsetend="57" sl="168" fileid="3" />
                <BranchPoint vc="231" uspid="170" ordinal="4" path="0" offset="87" offsetend="89" sl="170" fileid="3" />
                <BranchPoint vc="108" uspid="170" ordinal="5" path="1" offset="87" offsetend="95" sl="170" fileid="3" />
                <BranchPoint vc="283" uspid="168" ordinal="6" path="0" offset="116" offsetend="118" sl="168" fileid="3" />
                <BranchPoint vc="52" uspid="176" ordinal="8" path="0" offset="124" offsetend="126" sl="176" fileid="3" />
                <BranchPoint vc="231" uspid="176" ordinal="9" path="1" offset="124" offsetend="130" sl="176" fileid="3" />
                <BranchPoint vc="0" uspid="165" ordinal="10" path="0" offset="159" offsetend="161" sl="165" fileid="3" />
              </BranchPoints>
              <MethodPoint vc="16" uspid="0" p8:type="SequencePoint" ordinal="5" offset="5" sc="0" sl="161" ec="1" el="179" bec="0" bev="0" fileid="3" xmlns:p8="xsi" />
            </Method>
            <Method cyclomaticComplexity="1" nPathComplexity="1" sequenceCoverage="0" branchCoverage="100" isConstructor="False" isGetter="False" isSetter="False" isStatic="True">
              <Summary numSequencePoints="4" visitedSequencePoints="0" numBranchPoints="0" visitedBranchPoints="0" sequenceCoverage="0" branchCoverage="100" maxCyclomaticComplexity="1" minCyclomaticComplexity="1" visitedClasses="0" numClasses="0" visitedMethods="0" numMethods="1" />
              <MetadataToken />
              <Name>System.String Robin.Lexer::GetValue(Robin.Token)</Name>
              <FileRef uid="3" />
              <SequencePoints>
                <SequencePoint vc="0" uspid="181" ordinal="0" sl="181" sc="1" el="181" ec="2" bec="0" bev="0" fileid="3" />
                <SequencePoint vc="0" uspid="182" ordinal="1" sl="182" sc="1" el="182" ec="2" bec="0" bev="0" fileid="3" />
                <SequencePoint vc="0" uspid="183" ordinal="2" sl="183" sc="1" el="183" ec="2" bec="0" bev="0" fileid="3" />
                <SequencePoint vc="0" uspid="184" ordinal="3" sl="184" sc="1" el="184" ec="2" bec="0" bev="0" fileid="3" />
              </SequencePoints>
              <BranchPoints />
              <MethodPoint vc="0" uspid="0" p8:type="SequencePoint" ordinal="6" offset="6" sc="0" sl="181" ec="1" el="184" bec="0" bev="0" fileid="3" xmlns:p8="xsi" />
            </Method>
            <Method cyclomaticComplexity="1" nPathComplexity="1" sequenceCoverage="100" branchCoverage="100" isConstructor="True" isGetter="False" isSetter="False" isStatic="True">
              <Summary numSequencePoints="4" visitedSequencePoints="4" numBranchPoints="0" visitedBranchPoints="0" sequenceCoverage="100" branchCoverage="100" maxCyclomaticComplexity="1" minCyclomaticComplexity="1" visitedClasses="0" numClasses="0" visitedMethods="1" numMethods="1" />
              <MetadataToken />
              <Name>System.Void Robin.Lexer::.ctor(System.ReadOnlySpan`1&lt;System.Char&gt;)</Name>
              <FileRef uid="3" />
              <SequencePoints>
                <SequencePoint vc="11" uspid="13" ordinal="0" sl="13" sc="1" el="13" ec="2" bec="0" bev="0" fileid="3" />
                <SequencePoint vc="11" uspid="14" ordinal="1" sl="14" sc="1" el="14" ec="2" bec="0" bev="0" fileid="3" />
                <SequencePoint vc="11" uspid="15" ordinal="2" sl="15" sc="1" el="15" ec="2" bec="0" bev="0" fileid="3" />
                <SequencePoint vc="11" uspid="16" ordinal="3" sl="16" sc="1" el="16" ec="2" bec="0" bev="0" fileid="3" />
              </SequencePoints>
              <BranchPoints />
              <MethodPoint vc="4" uspid="0" p8:type="SequencePoint" ordinal="7" offset="7" sc="0" sl="13" ec="1" el="16" bec="0" bev="0" fileid="3" xmlns:p8="xsi" />
            </Method>
          </Methods>
        </Class>
        <Class>
          <Summary numSequencePoints="9" visitedSequencePoints="6" numBranchPoints="0" visitedBranchPoints="0" sequenceCoverage="66.66" branchCoverage="100" maxCyclomaticComplexity="1" minCyclomaticComplexity="1" visitedClasses="1" numClasses="1" visitedMethods="4" numMethods="5" />
          <FullName>Robin.Token</FullName>
          <Methods>
            <Method cyclomaticComplexity="1" nPathComplexity="1" sequenceCoverage="100" branchCoverage="100" isConstructor="False" isGetter="True" isSetter="False" isStatic="True">
              <Summary numSequencePoints="1" visitedSequencePoints="1" numBranchPoints="0" visitedBranchPoints="0" sequenceCoverage="100" branchCoverage="100" maxCyclomaticComplexity="1" minCyclomaticComplexity="1" visitedClasses="0" numClasses="0" visitedMethods="1" numMethods="1" />
              <MetadataToken />
              <Name>Robin.TokenType Robin.Token::get_Type()</Name>
              <FileRef uid="4" />
              <SequencePoints>
                <SequencePoint vc="147" uspid="5" ordinal="0" sl="5" sc="1" el="5" ec="2" bec="0" bev="0" fileid="4" />
              </SequencePoints>
              <BranchPoints />
              <MethodPoint vc="1" uspid="0" p8:type="SequencePoint" ordinal="0" offset="0" sc="0" sl="5" ec="1" el="5" bec="0" bev="0" fileid="4" xmlns:p8="xsi" />
            </Method>
            <Method cyclomaticComplexity="1" nPathComplexity="1" sequenceCoverage="100" branchCoverage="100" isConstructor="False" isGetter="True" isSetter="False" isStatic="True">
              <Summary numSequencePoints="1" visitedSequencePoints="1" numBranchPoints="0" visitedBranchPoints="0" sequenceCoverage="100" branchCoverage="100" maxCyclomaticComplexity="1" minCyclomaticComplexity="1" visitedClasses="0" numClasses="0" visitedMethods="1" numMethods="1" />
              <MetadataToken />
              <Name>System.Int32 Robin.Token::get_Start()</Name>
              <FileRef uid="4" />
              <SequencePoints>
                <SequencePoint vc="27" uspid="6" ordinal="0" sl="6" sc="1" el="6" ec="2" bec="0" bev="0" fileid="4" />
              </SequencePoints>
              <BranchPoints />
              <MethodPoint vc="1" uspid="0" p8:type="SequencePoint" ordinal="1" offset="1" sc="0" sl="6" ec="1" el="6" bec="0" bev="0" fileid="4" xmlns:p8="xsi" />
            </Method>
            <Method cyclomaticComplexity="1" nPathComplexity="1" sequenceCoverage="100" branchCoverage="100" isConstructor="False" isGetter="True" isSetter="False" isStatic="True">
              <Summary numSequencePoints="1" visitedSequencePoints="1" numBranchPoints="0" visitedBranchPoints="0" sequenceCoverage="100" branchCoverage="100" maxCyclomaticComplexity="1" minCyclomaticComplexity="1" visitedClasses="0" numClasses="0" visitedMethods="1" numMethods="1" />
              <MetadataToken />
              <Name>System.Int32 Robin.Token::get_Length()</Name>
              <FileRef uid="4" />
              <SequencePoints>
                <SequencePoint vc="27" uspid="7" ordinal="0" sl="7" sc="1" el="7" ec="2" bec="0" bev="0" fileid="4" />
              </SequencePoints>
              <BranchPoints />
              <MethodPoint vc="1" uspid="0" p8:type="SequencePoint" ordinal="2" offset="2" sc="0" sl="7" ec="1" el="7" bec="0" bev="0" fileid="4" xmlns:p8="xsi" />
            </Method>
            <Method cyclomaticComplexity="1" nPathComplexity="1" sequenceCoverage="100" branchCoverage="100" isConstructor="False" isGetter="False" isSetter="False" isStatic="True">
              <Summary numSequencePoints="3" visitedSequencePoints="3" numBranchPoints="0" visitedBranchPoints="0" sequenceCoverage="100" branchCoverage="100" maxCyclomaticComplexity="1" minCyclomaticComplexity="1" visitedClasses="0" numClasses="0" visitedMethods="1" numMethods="1" />
              <MetadataToken />
              <Name>System.ReadOnlySpan`1&lt;System.Char&gt; Robin.Token::GetValue(System.ReadOnlySpan`1&lt;System.Char&gt;)</Name>
              <FileRef uid="4" />
              <SequencePoints>
                <SequencePoint vc="27" uspid="10" ordinal="0" sl="10" sc="1" el="10" ec="2" bec="0" bev="0" fileid="4" />
                <SequencePoint vc="27" uspid="11" ordinal="1" sl="11" sc="1" el="11" ec="2" bec="0" bev="0" fileid="4" />
                <SequencePoint vc="27" uspid="12" ordinal="2" sl="12" sc="1" el="12" ec="2" bec="0" bev="0" fileid="4" />
              </SequencePoints>
              <BranchPoints />
              <MethodPoint vc="3" uspid="0" p8:type="SequencePoint" ordinal="3" offset="3" sc="0" sl="10" ec="1" el="12" bec="0" bev="0" fileid="4" xmlns:p8="xsi" />
            </Method>
            <Method cyclomaticComplexity="1" nPathComplexity="1" sequenceCoverage="0" branchCoverage="100" isConstructor="False" isGetter="False" isSetter="False" isStatic="True">
              <Summary numSequencePoints="3" visitedSequencePoints="0" numBranchPoints="0" visitedBranchPoints="0" sequenceCoverage="0" branchCoverage="100" maxCyclomaticComplexity="1" minCyclomaticComplexity="1" visitedClasses="0" numClasses="0" visitedMethods="0" numMethods="1" />
              <MetadataToken />
              <Name>System.String Robin.Token::ToString()</Name>
              <FileRef uid="4" />
              <SequencePoints>
                <SequencePoint vc="0" uspid="15" ordinal="0" sl="15" sc="1" el="15" ec="2" bec="0" bev="0" fileid="4" />
                <SequencePoint vc="0" uspid="16" ordinal="1" sl="16" sc="1" el="16" ec="2" bec="0" bev="0" fileid="4" />
                <SequencePoint vc="0" uspid="17" ordinal="2" sl="17" sc="1" el="17" ec="2" bec="0" bev="0" fileid="4" />
              </SequencePoints>
              <BranchPoints />
              <MethodPoint vc="0" uspid="0" p8:type="SequencePoint" ordinal="4" offset="4" sc="0" sl="15" ec="1" el="17" bec="0" bev="0" fileid="4" xmlns:p8="xsi" />
            </Method>
          </Methods>
        </Class>
        <Class>
          <Summary numSequencePoints="18" visitedSequencePoints="18" numBranchPoints="4" visitedBranchPoints="4" sequenceCoverage="100" branchCoverage="100" maxCyclomaticComplexity="2" minCyclomaticComplexity="2" visitedClasses="1" numClasses="1" visitedMethods="2" numMethods="2" />
          <FullName>Robin.Tokenizer</FullName>
          <Methods>
            <Method cyclomaticComplexity="2" nPathComplexity="2" sequenceCoverage="100" branchCoverage="100" isConstructor="False" isGetter="False" isSetter="False" isStatic="True">
              <Summary numSequencePoints="9" visitedSequencePoints="9" numBranchPoints="2" visitedBranchPoints="2" sequenceCoverage="100" branchCoverage="100" maxCyclomaticComplexity="2" minCyclomaticComplexity="2" visitedClasses="0" numClasses="0" visitedMethods="1" numMethods="1" />
              <MetadataToken />
              <Name>Robin.Token[] Robin.Tokenizer::Tokenize(System.ReadOnlySpan`1&lt;System.Char&gt;)</Name>
              <FileRef uid="5" />
              <SequencePoints>
                <SequencePoint vc="11" uspid="6" ordinal="0" sl="6" sc="1" el="6" ec="2" bec="0" bev="0" fileid="5" />
                <SequencePoint vc="11" uspid="7" ordinal="1" sl="7" sc="1" el="7" ec="2" bec="0" bev="0" fileid="5" />
                <SequencePoint vc="11" uspid="8" ordinal="2" sl="8" sc="1" el="8" ec="2" bec="0" bev="0" fileid="5" />
                <SequencePoint vc="42" uspid="10" ordinal="3" sl="10" sc="1" el="10" ec="2" bec="2" bev="2" fileid="5" />
                <SequencePoint vc="31" uspid="11" ordinal="4" sl="11" sc="1" el="11" ec="2" bec="0" bev="0" fileid="5" />
                <SequencePoint vc="31" uspid="12" ordinal="5" sl="12" sc="1" el="12" ec="2" bec="0" bev="0" fileid="5" />
                <SequencePoint vc="31" uspid="13" ordinal="6" sl="13" sc="1" el="13" ec="2" bec="0" bev="0" fileid="5" />
                <SequencePoint vc="11" uspid="15" ordinal="7" sl="15" sc="1" el="15" ec="2" bec="0" bev="0" fileid="5" />
                <SequencePoint vc="11" uspid="16" ordinal="8" sl="16" sc="1" el="16" ec="2" bec="0" bev="0" fileid="5" />
              </SequencePoints>
              <BranchPoints>
                <BranchPoint vc="31" uspid="10" ordinal="0" path="0" offset="26" offsetend="28" sl="10" fileid="5" />
                <BranchPoint vc="11" uspid="10" ordinal="1" path="1" offset="26" offsetend="46" sl="10" fileid="5" />
              </BranchPoints>
              <MethodPoint vc="9" uspid="0" p8:type="SequencePoint" ordinal="0" offset="0" sc="0" sl="6" ec="1" el="16" bec="0" bev="0" fileid="5" xmlns:p8="xsi" />
            </Method>
            <Method cyclomaticComplexity="2" nPathComplexity="2" sequenceCoverage="100" branchCoverage="100" isConstructor="False" isGetter="False" isSetter="False" isStatic="True">
              <Summary numSequencePoints="9" visitedSequencePoints="9" numBranchPoints="2" visitedBranchPoints="2" sequenceCoverage="100" branchCoverage="100" maxCyclomaticComplexity="2" minCyclomaticComplexity="2" visitedClasses="0" numClasses="0" visitedMethods="1" numMethods="1" />
              <MetadataToken />
              <Name>Robin.ExpressionToken[] Robin.Tokenizer::TokenizeExpression(System.ReadOnlySpan`1&lt;System.Char&gt;)</Name>
              <FileRef uid="5" />
              <SequencePoints>
                <SequencePoint vc="57" uspid="19" ordinal="0" sl="19" sc="1" el="19" ec="2" bec="0" bev="0" fileid="5" />
                <SequencePoint vc="57" uspid="20" ordinal="1" sl="20" sc="1" el="20" ec="2" bec="0" bev="0" fileid="5" />
                <SequencePoint vc="57" uspid="21" ordinal="2" sl="21" sc="1" el="21" ec="2" bec="0" bev="0" fileid="5" />
                <SequencePoint vc="180" uspid="23" ordinal="3" sl="23" sc="1" el="23" ec="2" bec="2" bev="2" fileid="5" />
                <SequencePoint vc="123" uspid="24" ordinal="4" sl="24" sc="1" el="24" ec="2" bec="0" bev="0" fileid="5" />
                <SequencePoint vc="123" uspid="25" ordinal="5" sl="25" sc="1" el="25" ec="2" bec="0" bev="0" fileid="5" />
                <SequencePoint vc="123" uspid="26" ordinal="6" sl="26" sc="1" el="26" ec="2" bec="0" bev="0" fileid="5" />
                <SequencePoint vc="57" uspid="28" ordinal="7" sl="28" sc="1" el="28" ec="2" bec="0" bev="0" fileid="5" />
[...]
                <SequencePoint vc="0" uspid="17" ordinal="4" sl="17" sc="1" el="17" ec="2" bec="4" bev="0" fileid="13" />
                <SequencePoint vc="0" uspid="18" ordinal="5" sl="18" sc="1" el="18" ec="2" bec="2" bev="0" fileid="13" />
                <SequencePoint vc="0" uspid="19" ordinal="6" sl="19" sc="1" el="19" ec="2" bec="2" bev="0" fileid="13" />
                <SequencePoint vc="0" uspid="20" ordinal="7" sl="20" sc="1" el="20" ec="2" bec="0" bev="0" fileid="13" />
                <SequencePoint vc="0" uspid="21" ordinal="8" sl="21" sc="1" el="21" ec="2" bec="2" bev="0" fileid="13" />
                <SequencePoint vc="0" uspid="22" ordinal="9" sl="22" sc="1" el="22" ec="2" bec="0" bev="0" fileid="13" />
                <SequencePoint vc="0" uspid="23" ordinal="10" sl="23" sc="1" el="23" ec="2" bec="2" bev="0" fileid="13" />
                <SequencePoint vc="0" uspid="24" ordinal="11" sl="24" sc="1" el="24" ec="2" bec="0" bev="0" fileid="13" />
                <SequencePoint vc="0" uspid="25" ordinal="12" sl="25" sc="1" el="25" ec="2" bec="0" bev="0" fileid="13" />
              </SequencePoints>
              <BranchPoints>
                <BranchPoint vc="0" uspid="14" ordinal="0" path="0" offset="22" offsetend="24" sl="14" fileid="13" />
                <BranchPoint vc="0" uspid="16" ordinal="2" path="0" offset="26" offsetend="28" sl="16" fileid="13" />
                <BranchPoint vc="0" uspid="16" ordinal="3" path="1" offset="26" offsetend="39" sl="16" fileid="13" />
                <BranchPoint vc="0" uspid="17" ordinal="4" path="0" offset="49" offsetend="51" sl="17" fileid="13" />
                <BranchPoint vc="0" uspid="17" ordinal="6" path="0" offset="52" offsetend="54" sl="17" fileid="13" />
                <BranchPoint vc="0" uspid="17" ordinal="7" path="1" offset="52" offsetend="68" sl="17" fileid="13" />
                <BranchPoint vc="0" uspid="17" ordinal="5" path="1" offset="49" offsetend="70" sl="17" fileid="13" />
                <BranchPoint vc="0" uspid="18" ordinal="8" path="0" offset="75" offsetend="77" sl="18" fileid="13" />
                <BranchPoint vc="0" uspid="19" ordinal="11" path="1" offset="123" offsetend="97" sl="19" fileid="13" />
                <BranchPoint vc="0" uspid="18" ordinal="9" path="1" offset="75" offsetend="125" sl="18" fileid="13" />
                <BranchPoint vc="0" uspid="19" ordinal="10" path="0" offset="123" offsetend="125" sl="19" fileid="13" />
                <BranchPoint vc="0" uspid="14" ordinal="1" path="1" offset="22" offsetend="128" sl="14" fileid="13" />
                <BranchPoint vc="0" uspid="21" ordinal="12" path="0" offset="138" offsetend="140" sl="21" fileid="13" />
                <BranchPoint vc="0" uspid="23" ordinal="15" path="1" offset="187" offsetend="161" sl="23" fileid="13" />
                <BranchPoint vc="0" uspid="23" ordinal="14" path="0" offset="187" offsetend="189" sl="23" fileid="13" />
                <BranchPoint vc="0" uspid="21" ordinal="13" path="1" offset="138" offsetend="190" sl="21" fileid="13" />
              </BranchPoints>
              <MethodPoint vc="0" uspid="0" p8:type="SequencePoint" ordinal="3" offset="3" sc="0" sl="13" ec="1" el="25" bec="0" bev="0" fileid="13" xmlns:p8="xsi" />
            </Method>
          </Methods>
        </Class>
        <Class>
          <Summary numSequencePoints="2" visitedSequencePoints="0" numBranchPoints="0" visitedBranchPoints="0" sequenceCoverage="0" branchCoverage="100" maxCyclomaticComplexity="1" minCyclomaticComplexity="1" visitedClasses="0" numClasses="1" visitedMethods="0" numMethods="2" />
          <FullName>Robin.Nodes.TextNode</FullName>
          <Methods>
            <Method cyclomaticComplexity="1" nPathComplexity="1" sequenceCoverage="0" branchCoverage="100" isConstructor="False" isGetter="True" isSetter="False" isStatic="True">
              <Summary numSequencePoints="1" visitedSequencePoints="0" numBranchPoints="0" visitedBranchPoints="0" sequenceCoverage="0" branchCoverage="100" maxCyclomaticComplexity="1" minCyclomaticComplexity="1" visitedClasses="0" numClasses="0" visitedMethods="0" numMethods="1" />
              <MetadataToken />
              <Name>System.String Robin.Nodes.TextNode::get_Text()</Name>
              <FileRef uid="14" />
              <SequencePoints>
                <SequencePoint vc="0" uspid="7" ordinal="0" sl="7" sc="1" el="7" ec="2" bec="0" bev="0" fileid="14" />
              </SequencePoints>
              <BranchPoints />
              <MethodPoint vc="0" uspid="0" p8:type="SequencePoint" ordinal="0" offset="0" sc="0" sl="7" ec="1" el="7" bec="0" bev="0" fileid="14" xmlns:p8="xsi" />
            </Method>
            <Method cyclomaticComplexity="1" nPathComplexity="1" sequenceCoverage="0" branchCoverage="100" isConstructor="False" isGetter="False" isSetter="False" isStatic="True">
              <Summary numSequencePoints="1" visitedSequencePoints="0" numBranchPoints="0" visitedBranchPoints="0" sequenceCoverage="0" branchCoverage="100" maxCyclomaticComplexity="1" minCyclomaticComplexity="1" visitedClasses="0" numClasses="0" visitedMethods="0" numMethods="1" />
              <MetadataToken />
              <Name>System.Void Robin.Nodes.TextNode::Render(Robin.Nodes.Context,System.Text.StringBuilder)</Name>
              <FileRef uid="14" />
              <SequencePoints>
                <SequencePoint vc="0" uspid="9" ordinal="0" sl="9" sc="1" el="9" ec="2" bec="0" bev="0" fileid="14" />
              </SequencePoints>
              <BranchPoints />
              <MethodPoint vc="0" uspid="0" p8:type="SequencePoint" ordinal="1" offset="1" sc="0" sl="9" ec="1" el="9" bec="0" bev="0" fileid="14" xmlns:p8="xsi" />
            </Method>
          </Methods>
        </Class>
        <Class>
          <Summary numSequencePoints="3" visitedSequencePoints="0" numBranchPoints="0" visitedBranchPoints="0" sequenceCoverage="0" branchCoverage="100" maxCyclomaticComplexity="1" minCyclomaticComplexity="1" visitedClasses="0" numClasses="1" visitedMethods="0" numMethods="2" />
          <FullName>Robin.Nodes.LiteralNode</FullName>
          <Methods>
            <Method cyclomaticComplexity="1" nPathComplexity="1" sequenceCoverage="0" branchCoverage="100" isConstructor="False" isGetter="True" isSetter="False" isStatic="True">
              <Summary numSequencePoints="1" visitedSequencePoints="0" numBranchPoints="0" visitedBranchPoints="0" sequenceCoverage="0" branchCoverage="100" maxCyclomaticComplexity="1" minCyclomaticComplexity="1" visitedClasses="0" numClasses="0" visitedMethods="0" numMethods="1" />
              <MetadataToken />
              <Name>System.String Robin.Nodes.LiteralNode::get_Constant()</Name>
              <FileRef uid="15" />
              <SequencePoints>
                <SequencePoint vc="0" uspid="7" ordinal="0" sl="7" sc="1" el="7" ec="2" bec="0" bev="0" fileid="15" />
              </SequencePoints>
              <BranchPoints />
              <MethodPoint vc="0" uspid="0" p8:type="SequencePoint" ordinal="0" offset="0" sc="0" sl="7" ec="1" el="7" bec="0" bev="0" fileid="15" xmlns:p8="xsi" />
            </Method>
            <Method cyclomaticComplexity="1" nPathComplexity="1" sequenceCoverage="0" branchCoverage="100" isConstructor="False" isGetter="False" isSetter="False" isStatic="True">
              <Summary numSequencePoints="2" visitedSequencePoints="0" numBranchPoints="0" visitedBranchPoints="0" sequenceCoverage="0" branchCoverage="100" maxCyclomaticComplexity="1" minCyclomaticComplexity="1" visitedClasses="0" numClasses="0" visitedMethods="0" numMethods="1" />
              <MetadataToken />
              <Name>System.Void Robin.Nodes.LiteralNode::Render(Robin.Nodes.Context,System.Text.StringBuilder)</Name>
              <FileRef uid="15" />
              <SequencePoints>
                <SequencePoint vc="0" uspid="10" ordinal="0" sl="10" sc="1" el="10" ec="2" bec="0" bev="0" fileid="15" />
                <SequencePoint vc="0" uspid="11" ordinal="1" sl="11" sc="1" el="11" ec="2" bec="0" bev="0" fileid="15" />
              </SequencePoints>
              <BranchPoints />
              <MethodPoint vc="0" uspid="0" p8:type="SequencePoint" ordinal="1" offset="1" sc="0" sl="10" ec="1" el="11" bec="0" bev="0" fileid="15" xmlns:p8="xsi" />
            </Method>
          </Methods>
        </Class>
        <Class>
          <Summary numSequencePoints="3" visitedSequencePoints="0" numBranchPoints="0" visitedBranchPoints="0" sequenceCoverage="0" branchCoverage="100" maxCyclomaticComplexity="1" minCyclomaticComplexity="1" visitedClasses="0" numClasses="1" visitedMethods="0" numMethods="2" />
          <FullName>Robin.Nodes.NumberNode</FullName>
          <Methods>
            <Method cyclomaticComplexity="1" nPathComplexity="1" sequenceCoverage="0" branchCoverage="100" isConstructor="False" isGetter="True" isSetter="False" isStatic="True">
              <Summary numSequencePoints="1" visitedSequencePoints="0" numBranchPoints="0" visitedBranchPoints="0" sequenceCoverage="0" branchCoverage="100" maxCyclomaticComplexity="1" minCyclomaticComplexity="1" visitedClasses="0" numClasses="0" visitedMethods="0" numMethods="1" />
              <MetadataToken />
              <Name>System.Double Robin.Nodes.NumberNode::get_Constant()</Name>
              <FileRef uid="15" />
              <SequencePoints>
                <SequencePoint vc="0" uspid="16" ordinal="0" sl="16" sc="1" el="16" ec="2" bec="0" bev="0" fileid="15" />
              </SequencePoints>
              <BranchPoints />
              <MethodPoint vc="0" uspid="0" p8:type="SequencePoint" ordinal="0" offset="0" sc="0" sl="16" ec="1" el="16" bec="0" bev="0" fileid="15" xmlns:p8="xsi" />
            </Method>
            <Method cyclomaticComplexity="1" nPathComplexity="1" sequenceCoverage="0" branchCoverage="100" isConstructor="False" isGetter="False" isSetter="False" isStatic="True">
              <Summary numSequencePoints="2" visitedSequencePoints="0" numBranchPoints="0" visitedBranchPoints="0" sequenceCoverage="0" branchCoverage="100" maxCyclomaticComplexity="1" minCyclomaticComplexity="1" visitedClasses="0" numClasses="0" visitedMethods="0" numMethods="1" />
              <MetadataToken />
              <Name>System.Void Robin.Nodes.NumberNode::Render(Robin.Nodes.Context,System.Text.StringBuilder)</Name>
              <FileRef uid="15" />
              <SequencePoints>
                <SequencePoint vc="0" uspid="19" ordinal="0" sl="19" sc="1" el="19" ec="2" bec="0" bev="0" fileid="15" />
                <SequencePoint vc="0" uspid="20" ordinal="1" sl="20" sc="1" el="20" ec="2" bec="0" bev="0" fileid="15" />
              </SequencePoints>
              <BranchPoints />
              <MethodPoint vc="0" uspid="0" p8:type="SequencePoint" ordinal="1" offset="1" sc="0" sl="19" ec="1" el="20" bec="0" bev="0" fileid="15" xmlns:p8="xsi" />
            </Method>
          </Methods>
        </Class>
        <Class>
          <Summary numSequencePoints="4" visitedSequencePoints="0" numBranchPoints="0" visitedBranchPoints="0" sequenceCoverage="0" branchCoverage="100" maxCyclomaticComplexity="1" minCyclomaticComplexity="1" visitedClasses="0" numClasses="1" visitedMethods="0" numMethods="3" />
          <FullName>Robin.Nodes.UnaryOperationNode</FullName>
          <Methods>
            <Method cyclomaticComplexity="1" nPathComplexity="1" sequenceCoverage="0" branchCoverage="100" isConstructor="False" isGetter="True" isSetter="False" isStatic="True">
              <Summary numSequencePoints="1" visitedSequencePoints="0" numBranchPoints="0" visitedBranchPoints="0" sequenceCoverage="0" branchCoverage="100" maxCyclomaticComplexity="1" minCyclomaticComplexity="1" visitedClasses="0" numClasses="0" visitedMethods="0" numMethods="1" />
              <MetadataToken />
              <Name>System.String Robin.Nodes.UnaryOperationNode::get_Operator()</Name>
              <FileRef uid="15" />
              <SequencePoints>
                <SequencePoint vc="0" uspid="25" ordinal="0" sl="25" sc="1" el="25" ec="2" bec="0" bev="0" fileid="15" />
              </SequencePoints>
              <BranchPoints />
              <MethodPoint vc="0" uspid="0" p8:type="SequencePoint" ordinal="0" offset="0" sc="0" sl="25" ec="1" el="25" bec="0" bev="0" fileid="15" xmlns:p8="xsi" />
            </Method>
            <Method cyclomaticComplexity="1" nPathComplexity="1" sequenceCoverage="0" branchCoverage="100" isConstructor="False" isGetter="True" isSetter="False" isStatic="True">
              <Summary numSequencePoints="1" visitedSequencePoints="0" numBranchPoints="0" visitedBranchPoints="0" sequenceCoverage="0" branchCoverage="100" maxCyclomaticComplexity="1" minCyclomaticComplexity="1" visitedClasses="0" numClasses="0" visitedMethods="0" numMethods="1" />
              <MetadataToken />
              <Name>Robin.Nodes.IExpressionNode Robin.Nodes.UnaryOperationNode::get_Operand()</Name>
              <FileRef uid="15" />
              <SequencePoints>
                <SequencePoint vc="0" uspid="26" ordinal="0" sl="26" sc="1" el="26" ec="2" bec="0" bev="0" fileid="15" />
              </SequencePoints>
              <BranchPoints />
              <MethodPoint vc="0" uspid="0" p8:type="SequencePoint" ordinal="1" offset="1" sc="0" sl="26" ec="1" el="26" bec="0" bev="0" fileid="15" xmlns:p8="xsi" />
            </Method>
            <Method cyclomaticComplexity="1" nPathComplexity="1" sequenceCoverage="0" branchCoverage="100" isConstructor="False" isGetter="False" isSetter="False" isStatic="True">
              <Summary numSequencePoints="2" visitedSequencePoints="0" numBranchPoints="0" visitedBranchPoints="0" sequenceCoverage="0" branchCoverage="100" maxCyclomaticComplexity="1" minCyclomaticComplexity="1" visitedClasses="0" numClasses="0" visitedMethods="0" numMethods="1" />
              <MetadataToken />
              <Name>System.Void Robin.Nodes.UnaryOperationNode::Render(Robin.Nodes.Context,System.Text.StringBuilder)</Name>
              <FileRef uid="15" />
              <SequencePoints>
                <SequencePoint vc="0" uspid="29" ordinal="0" sl="29" sc="1" el="29" ec="2" bec="0" bev="0" fileid="15" />
                <SequencePoint vc="0" uspid="30" ordinal="1" sl="30" sc="1" el="30" ec="2" bec="0" bev="0" fileid="15" />
              </SequencePoints>
              <BranchPoints />
              <MethodPoint vc="0" uspid="0" p8:type="SequencePoint" ordinal="2" offset="2" sc="0" sl="29" ec="1" el="30" bec="0" bev="0" fileid="15" xmlns:p8="xsi" />
            </Method>
          </Methods>
        </Class>
        <Class>
          <Summary numSequencePoints="9" visitedSequencePoints="0" numBranchPoints="8" visitedBranchPoints="0" sequenceCoverage="0" branchCoverage="0" maxCyclomaticComplexity="8" minCyclomaticComplexity="1" visitedClasses="0" numClasses="1" visitedMethods="0" numMethods="3" />
          <FullName>Robin.Nodes.VariableNode</FullName>
          <Methods>
            <Method cyclomaticComplexity="1" nPathComplexity="1" sequenceCoverage="0" branchCoverage="100" isConstructor="False" isGetter="True" isSetter="False" isStatic="True">
              <Summary numSequencePoints="1" visitedSequencePoints="0" numBranchPoints="0" visitedBranchPoints="0" sequenceCoverage="0" branchCoverage="100" maxCyclomaticComplexity="1" minCyclomaticComplexity="1" visitedClasses="0" numClasses="0" visitedMethods="0" numMethods="1" />
              <MetadataToken />
              <Name>System.String Robin.Nodes.VariableNode::get_Name()</Name>
              <FileRef uid="16" />
              <SequencePoints>
                <SequencePoint vc="0" uspid="7" ordinal="0" sl="7" sc="1" el="7" ec="2" bec="0" bev="0" fileid="16" />
              </SequencePoints>
              <BranchPoints />
              <MethodPoint vc="0" uspid="0" p8:type="SequencePoint" ordinal="0" offset="0" sc="0" sl="7" ec="1" el="7" bec="0" bev="0" fileid="16" xmlns:p8="xsi" />
            </Method>
            <Method cyclomaticComplexity="1" nPathComplexity="1" sequenceCoverage="0" branchCoverage="100" isConstructor="False" isGetter="True" isSetter="False" isStatic="True">
              <Summary numSequencePoints="1" visitedSequencePoints="0" numBranchPoints="0" visitedBranchPoints="0" sequenceCoverage="0" branchCoverage="100" maxCyclomaticComplexity="1" minCyclomaticComplexity="1" visitedClasses="0" numClasses="0" visitedMethods="0" numMethods="1" />
              <MetadataToken />
              <Name>System.Boolean Robin.Nodes.VariableNode::get_IsUnescaped()</Name>
              <FileRef uid="16" />
              <SequencePoints>
                <SequencePoint vc="0" uspid="8" ordinal="0" sl="8" sc="1" el="8" ec="2" bec="0" bev="0" fileid="16" />
              </SequencePoints>
              <BranchPoints />
              <MethodPoint vc="0" uspid="0" p8:type="SequencePoint" ordinal="1" offset="1" sc="0" sl="8" ec="1" el="8" bec="0" bev="0" fileid="16" xmlns:p8="xsi" />
            </Method>
            <Method cyclomaticComplexity="8" nPathComplexity="8" sequenceCoverage="0" branchCoverage="0" isConstructor="False" isGetter="False" isSetter="False" isStatic="True">
              <Summary numSequencePoints="7" visitedSequencePoints="0" numBranchPoints="8" visitedBranchPoints="0" sequenceCoverage="0" branchCoverage="0" maxCyclomaticComplexity="8" minCyclomaticComplexity="8" visitedClasses="0" numClasses="0" visitedMethods="0" numMethods="1" />
              <MetadataToken />
              <Name>System.Void Robin.Nodes.VariableNode::Render(Robin.Nodes.Context,System.Text.StringBuilder)</Name>
              <FileRef uid="16" />
              <SequencePoints>
                <SequencePoint vc="0" uspid="11" ordinal="0" sl="11" sc="1" el="11" ec="2" bec="0" bev="0" fileid="16" />
                <SequencePoint vc="0" uspid="12" ordinal="1" sl="12" sc="1" el="12" ec="2" bec="2" bev="0" fileid="16" />
                <SequencePoint vc="0" uspid="13" ordinal="2" sl="13" sc="1" el="13" ec="2" bec="0" bev="0" fileid="16" />
                <SequencePoint vc="0" uspid="14" ordinal="3" sl="14" sc="1" el="14" ec="2" bec="4" bev="0" fileid="16" />
                <SequencePoint vc="0" uspid="15" ordinal="4" sl="15" sc="1" el="15" ec="2" bec="2" bev="0" fileid="16" />
                <SequencePoint vc="0" uspid="16" ordinal="5" sl="16" sc="1" el="16" ec="2" bec="0" bev="0" fileid="16" />
                <SequencePoint vc="0" uspid="17" ordinal="6" sl="17" sc="1" el="17" ec="2" bec="0" bev="0" fileid="16" />
              </SequencePoints>
              <BranchPoints>
                <BranchPoint vc="0" uspid="12" ordinal="0" path="0" offset="22" offsetend="24" sl="12" fileid="16" />
                <BranchPoint vc="0" uspid="14" ordinal="2" path="0" offset="26" offsetend="28" sl="14" fileid="16" />
                <BranchPoint vc="0" uspid="14" ordinal="3" path="1" offset="26" offsetend="31" sl="14" fileid="16" />
                <BranchPoint vc="0" uspid="14" ordinal="4" path="0" offset="38" offsetend="40" sl="14" fileid="16" />
                <BranchPoint vc="0" uspid="14" ordinal="5" path="1" offset="38" offsetend="46" sl="14" fileid="16" />
                <BranchPoint vc="0" uspid="15" ordinal="6" path="0" offset="54" offsetend="56" sl="15" fileid="16" />
                <BranchPoint vc="0" uspid="15" ordinal="7" path="1" offset="54" offsetend="64" sl="15" fileid="16" />
                <BranchPoint vc="0" uspid="12" ordinal="1" path="1" offset="22" offsetend="72" sl="12" fileid="16" />
              </BranchPoints>
              <MethodPoint vc="0" uspid="0" p8:type="SequencePoint" ordinal="2" offset="2" sc="0" sl="11" ec="1" el="17" bec="0" bev="0" fileid="16" xmlns:p8="xsi" />
            </Method>
          </Methods>
        </Class>
      </Classes>
    </Module>
  </Modules>
</CoverageSession>