<?xml version="1.0" encoding="utf-8"?>
<CoverageSession>
  <Summary numSequencePoints="126" visitedSequencePoints="102" numBranchPoints="54" visitedBranchPoints="42" sequenceCoverage="80.95" branchCoverage="77.77" maxCyclomaticComplexity="58" minCyclomaticComplexity="58" visitedClasses="2" numClasses="2" visitedMethods="7" numMethods="8" />
  <Modules>
    <Module hash="1B54D951-417F-43DE-B129-2CBE64190C25">
      <ModulePath>Robin.dll</ModulePath>
      <ModuleTime>2025-10-29T12:07:59</ModuleTime>
      <ModuleName>Robin</ModuleName>
      <Files>
        <File uid="1" fullPath="/config/workspace/Robin/Robin/Lexer.cs" />
        <File uid="2" fullPath="/config/workspace/Robin/Robin/Token.cs" />
      </Files>
      <Classes>
        <Class>
          <Summary numSequencePoints="117" visitedSequencePoints="96" numBranchPoints="54" visitedBranchPoints="42" sequenceCoverage="82.05" branchCoverage="77.77" maxCyclomaticComplexity="34" minCyclomaticComplexity="1" visitedClasses="1" numClasses="1" visitedMethods="5" numMethods="5" />
          <FullName>Robin.Lexer</FullName>
          <Methods>
            <Method cyclomaticComplexity="6" nPathComplexity="6" sequenceCoverage="71.42" branchCoverage="83.33" isConstructor="False" isGetter="False" isSetter="False" isStatic="True">
              <Summary numSequencePoints="21" visitedSequencePoints="15" numBranchPoints="6" visitedBranchPoints="5" sequenceCoverage="71.42" branchCoverage="83.33" maxCyclomaticComplexity="6" minCyclomaticComplexity="6" visitedClasses="0" numClasses="0" visitedMethods="1" numMethods="1" />
              <MetadataToken />
              <Name>System.Boolean Robin.Lexer::TryGetNextToken(System.Nullable`1&lt;Robin.Token&gt;&amp;)</Name>
              <FileRef uid="1" />
              <SequencePoints>
                <SequencePoint vc="17" uspid="19" ordinal="0" sl="19" sc="1" el="19" ec="2" bec="0" bev="0" fileid="1" />
                <SequencePoint vc="17" uspid="20" ordinal="1" sl="20" sc="1" el="20" ec="2" bec="2" bev="2" fileid="1" />
                <SequencePoint vc="1" uspid="21" ordinal="2" sl="21" sc="1" el="21" ec="2" bec="0" bev="0" fileid="1" />
                <SequencePoint vc="1" uspid="22" ordinal="3" sl="22" sc="1" el="22" ec="2" bec="0" bev="0" fileid="1" />
                <SequencePoint vc="1" uspid="23" ordinal="4" sl="23" sc="1" el="23" ec="2" bec="0" bev="0" fileid="1" />
                <SequencePoint vc="16" uspid="27" ordinal="5" sl="27" sc="1" el="27" ec="2" bec="0" bev="0" fileid="1" />
                <SequencePoint vc="16" uspid="30" ordinal="6" sl="30" sc="1" el="30" ec="2" bec="2" bev="1" fileid="1" />
                <SequencePoint vc="0" uspid="31" ordinal="7" sl="31" sc="1" el="31" ec="2" bec="0" bev="0" fileid="1" />
                <SequencePoint vc="0" uspid="32" ordinal="8" sl="32" sc="1" el="32" ec="2" bec="0" bev="0" fileid="1" />
                <SequencePoint vc="0" uspid="33" ordinal="9" sl="33" sc="1" el="33" ec="2" bec="0" bev="0" fileid="1" />
                <SequencePoint vc="0" uspid="34" ordinal="10" sl="34" sc="1" el="34" ec="2" bec="0" bev="0" fileid="1" />
                <SequencePoint vc="0" uspid="35" ordinal="11" sl="35" sc="1" el="35" ec="2" bec="0" bev="0" fileid="1" />
                <SequencePoint vc="0" uspid="36" ordinal="12" sl="36" sc="1" el="36" ec="2" bec="0" bev="0" fileid="1" />
                <SequencePoint vc="16" uspid="40" ordinal="13" sl="40" sc="1" el="40" ec="2" bec="2" bev="2" fileid="1" />
                <SequencePoint vc="8" uspid="41" ordinal="14" sl="41" sc="1" el="41" ec="2" bec="0" bev="0" fileid="1" />
                <SequencePoint vc="8" uspid="42" ordinal="15" sl="42" sc="1" el="42" ec="2" bec="0" bev="0" fileid="1" />
                <SequencePoint vc="8" uspid="43" ordinal="16" sl="43" sc="1" el="43" ec="2" bec="0" bev="0" fileid="1" />
                <SequencePoint vc="8" uspid="44" ordinal="17" sl="44" sc="1" el="44" ec="2" bec="0" bev="0" fileid="1" />
                <SequencePoint vc="8" uspid="45" ordinal="18" sl="45" sc="1" el="45" ec="2" bec="0" bev="0" fileid="1" />
                <SequencePoint vc="8" uspid="49" ordinal="19" sl="49" sc="1" el="49" ec="2" bec="0" bev="0" fileid="1" />
                <SequencePoint vc="17" uspid="50" ordinal="20" sl="50" sc="1" el="50" ec="2" bec="0" bev="0" fileid="1" />
              </SequencePoints>
              <BranchPoints>
                <BranchPoint vc="1" uspid="20" ordinal="0" path="0" offset="25" offsetend="27" sl="20" fileid="1" />
                <BranchPoint vc="16" uspid="20" ordinal="1" path="1" offset="25" offsetend="42" sl="20" fileid="1" />
                <BranchPoint vc="0" uspid="30" ordinal="2" path="0" offset="76" offsetend="78" sl="30" fileid="1" />
                <BranchPoint vc="16" uspid="30" ordinal="3" path="1" offset="76" offsetend="149" sl="30" fileid="1" />
                <BranchPoint vc="8" uspid="40" ordinal="4" path="0" offset="157" offsetend="159" sl="40" fileid="1" />
                <BranchPoint vc="8" uspid="40" ordinal="5" path="1" offset="157" offsetend="206" sl="40" fileid="1" />
              </BranchPoints>
              <MethodPoint vc="15" uspid="0" p8:type="SequencePoint" ordinal="0" offset="0" sc="0" sl="19" ec="1" el="50" bec="0" bev="0" fileid="1" xmlns:p8="xsi" />
            </Method>
            <Method cyclomaticComplexity="34" nPathComplexity="34" sequenceCoverage="78.78" branchCoverage="76.47" isConstructor="False" isGetter="False" isSetter="False" isStatic="True">
              <Summary numSequencePoints="66" visitedSequencePoints="52" numBranchPoints="34" visitedBranchPoints="26" sequenceCoverage="78.78" branchCoverage="76.47" maxCyclomaticComplexity="34" minCyclomaticComplexity="34" visitedClasses="0" numClasses="0" visitedMethods="1" numMethods="1" />
              <MetadataToken />
              <Name>System.Boolean Robin.Lexer::TryParseMustacheTag(System.Nullable`1&lt;Robin.Token&gt;&amp;)</Name>
              <FileRef uid="1" />
              <SequencePoints>
                <SequencePoint vc="8" uspid="53" ordinal="0" sl="53" sc="1" el="53" ec="2" bec="0" bev="0" fileid="1" />
                <SequencePoint vc="8" uspid="54" ordinal="1" sl="54" sc="1" el="54" ec="2" bec="0" bev="0" fileid="1" />
                <SequencePoint vc="8" uspid="55" ordinal="2" sl="55" sc="1" el="55" ec="2" bec="0" bev="0" fileid="1" />
                <SequencePoint vc="8" uspid="57" ordinal="3" sl="57" sc="1" el="57" ec="2" bec="2" bev="1" fileid="1" />
                <SequencePoint vc="0" uspid="58" ordinal="4" sl="58" sc="1" el="58" ec="2" bec="0" bev="0" fileid="1" />
                <SequencePoint vc="0" uspid="59" ordinal="5" sl="59" sc="1" el="59" ec="2" bec="0" bev="0" fileid="1" />
                <SequencePoint vc="0" uspid="60" ordinal="6" sl="60" sc="1" el="60" ec="2" bec="0" bev="0" fileid="1" />
                <SequencePoint vc="8" uspid="64" ordinal="7" sl="64" sc="1" el="64" ec="2" bec="0" bev="0" fileid="1" />
                <SequencePoint vc="8" uspid="65" ordinal="8" sl="65" sc="1" el="65" ec="2" bec="2" bev="1" fileid="1" />
                <SequencePoint vc="0" uspid="66" ordinal="9" sl="66" sc="1" el="66" ec="2" bec="0" bev="0" fileid="1" />
                <SequencePoint vc="0" uspid="67" ordinal="10" sl="67" sc="1" el="67" ec="2" bec="0" bev="0" fileid="1" />
                <SequencePoint vc="0" uspid="68" ordinal="11" sl="68" sc="1" el="68" ec="2" bec="0" bev="0" fileid="1" />
                <SequencePoint vc="8" uspid="71" ordinal="12" sl="71" sc="1" el="71" ec="2" bec="2" bev="1" fileid="1" />
                <SequencePoint vc="8" uspid="72" ordinal="13" sl="72" sc="1" el="72" ec="2" bec="0" bev="0" fileid="1" />
                <SequencePoint vc="8" uspid="73" ordinal="14" sl="73" sc="1" el="73" ec="2" bec="0" bev="0" fileid="1" />
                <SequencePoint vc="8" uspid="75" ordinal="15" sl="75" sc="1" el="75" ec="2" bec="14" bev="14" fileid="1" />
                <SequencePoint vc="1" uspid="78" ordinal="16" sl="78" sc="1" el="78" ec="2" bec="0" bev="0" fileid="1" />
                <SequencePoint vc="1" uspid="79" ordinal="17" sl="79" sc="1" el="79" ec="2" bec="0" bev="0" fileid="1" />
                <SequencePoint vc="1" uspid="80" ordinal="18" sl="80" sc="1" el="80" ec="2" bec="0" bev="0" fileid="1" />
                <SequencePoint vc="1" uspid="81" ordinal="19" sl="81" sc="1" el="81" ec="2" bec="0" bev="0" fileid="1" />
                <SequencePoint vc="1" uspid="83" ordinal="20" sl="83" sc="1" el="83" ec="2" bec="0" bev="0" fileid="1" />
                <SequencePoint vc="1" uspid="84" ordinal="21" sl="84" sc="1" el="84" ec="2" bec="0" bev="0" fileid="1" />
                <SequencePoint vc="1" uspid="85" ordinal="22" sl="85" sc="1" el="85" ec="2" bec="0" bev="0" fileid="1" />
                <SequencePoint vc="1" uspid="86" ordinal="23" sl="86" sc="1" el="86" ec="2" bec="0" bev="0" fileid="1" />
                <SequencePoint vc="1" uspid="88" ordinal="24" sl="88" sc="1" el="88" ec="2" bec="0" bev="0" fileid="1" />
                <SequencePoint vc="1" uspid="89" ordinal="25" sl="89" sc="1" el="89" ec="2" bec="0" bev="0" fileid="1" />
                <SequencePoint vc="1" uspid="90" ordinal="26" sl="90" sc="1" el="90" ec="2" bec="0" bev="0" fileid="1" />
                <SequencePoint vc="1" uspid="91" ordinal="27" sl="91" sc="1" el="91" ec="2" bec="0" bev="0" fileid="1" />
                <SequencePoint vc="1" uspid="93" ordinal="28" sl="93" sc="1" el="93" ec="2" bec="0" bev="0" fileid="1" />
                <SequencePoint vc="1" uspid="94" ordinal="29" sl="94" sc="1" el="94" ec="2" bec="0" bev="0" fileid="1" />
                <SequencePoint vc="1" uspid="95" ordinal="30" sl="95" sc="1" el="95" ec="2" bec="0" bev="0" fileid="1" />
                <SequencePoint vc="1" uspid="96" ordinal="31" sl="96" sc="1" el="96" ec="2" bec="0" bev="0" fileid="1" />
                <SequencePoint vc="1" uspid="98" ordinal="32" sl="98" sc="1" el="98" ec="2" bec="0" bev="0" fileid="1" />
                <SequencePoint vc="1" uspid="99" ordinal="33" sl="99" sc="1" el="99" ec="2" bec="0" bev="0" fileid="1" />
                <SequencePoint vc="1" uspid="100" ordinal="34" sl="100" sc="1" el="100" ec="2" bec="0" bev="0" fileid="1" />
                <SequencePoint vc="1" uspid="101" ordinal="35" sl="101" sc="1" el="101" ec="2" bec="0" bev="0" fileid="1" />
                <SequencePoint vc="1" uspid="103" ordinal="36" sl="103" sc="1" el="103" ec="2" bec="0" bev="0" fileid="1" />
                <SequencePoint vc="1" uspid="104" ordinal="37" sl="104" sc="1" el="104" ec="2" bec="0" bev="0" fileid="1" />
                <SequencePoint vc="1" uspid="105" ordinal="38" sl="105" sc="1" el="105" ec="2" bec="0" bev="0" fileid="1" />
                <SequencePoint vc="1" uspid="106" ordinal="39" sl="106" sc="1" el="106" ec="2" bec="0" bev="0" fileid="1" />
                <SequencePoint vc="2" uspid="108" ordinal="40" sl="108" sc="1" el="108" ec="2" bec="2" bev="1" fileid="1" />
                <SequencePoint vc="0" uspid="109" ordinal="41" sl="109" sc="1" el="109" ec="2" bec="0" bev="0" fileid="1" />
                <SequencePoint vc="0" uspid="110" ordinal="42" sl="110" sc="1" el="110" ec="2" bec="0" bev="0" fileid="1" />
                <SequencePoint vc="0" uspid="111" ordinal="43" sl="111" sc="1" el="111" ec="2" bec="0" bev="0" fileid="1" />
                <SequencePoint vc="2" uspid="112" ordinal="44" sl="112" sc="1" el="112" ec="2" bec="0" bev="0" fileid="1" />
                <SequencePoint vc="8" uspid="116" ordinal="45" sl="116" sc="1" el="116" ec="2" bec="2" bev="1" fileid="1" />
                <SequencePoint vc="8" uspid="117" ordinal="46" sl="117" sc="1" el="117" ec="2" bec="0" bev="0" fileid="1" />
                <SequencePoint vc="8" uspid="119" ordinal="47" sl="119" sc="1" el="119" ec="2" bec="2" bev="1" fileid="1" />
                <SequencePoint vc="0" uspid="120" ordinal="48" sl="120" sc="1" el="120" ec="2" bec="0" bev="0" fileid="1" />
                <SequencePoint vc="0" uspid="122" ordinal="49" sl="122" sc="1" el="122" ec="2" bec="0" bev="0" fileid="1" />
                <SequencePoint vc="0" uspid="123" ordinal="50" sl="123" sc="1" el="123" ec="2" bec="0" bev="0" fileid="1" />
                <SequencePoint vc="0" uspid="124" ordinal="51" sl="124" sc="1" el="124" ec="2" bec="0" bev="0" fileid="1" />
                <SequencePoint vc="0" uspid="125" ordinal="52" sl="125" sc="1" el="125" ec="2" bec="0" bev="0" fileid="1" />
                <SequencePoint vc="8" uspid="129" ordinal="53" sl="129" sc="1" el="129" ec="2" bec="0" bev="0" fileid="1" />
                <SequencePoint vc="12" uspid="130" ordinal="54" sl="130" sc="1" el="130" ec="2" bec="4" bev="3" fileid="1" />
                <SequencePoint vc="4" uspid="131" ordinal="55" sl="131" sc="1" el="131" ec="2" bec="0" bev="0" fileid="1" />
                <SequencePoint vc="4" uspid="132" ordinal="56" sl="132" sc="1" el="132" ec="2" bec="0" bev="0" fileid="1" />
                <SequencePoint vc="4" uspid="133" ordinal="57" sl="133" sc="1" el="133" ec="2" bec="0" bev="0" fileid="1" />
                <SequencePoint vc="10" uspid="134" ordinal="58" sl="134" sc="1" el="134" ec="2" bec="4" bev="3" fileid="1" />
                <SequencePoint vc="2" uspid="135" ordinal="59" sl="135" sc="1" el="135" ec="2" bec="0" bev="0" fileid="1" />
                <SequencePoint vc="2" uspid="136" ordinal="60" sl="136" sc="1" el="136" ec="2" bec="0" bev="0" fileid="1" />
                <SequencePoint vc="2" uspid="137" ordinal="61" sl="137" sc="1" el="137" ec="2" bec="0" bev="0" fileid="1" />
                <SequencePoint vc="8" uspid="139" ordinal="62" sl="139" sc="1" el="139" ec="2" bec="0" bev="0" fileid="1" />
                <SequencePoint vc="8" uspid="141" ordinal="63" sl="141" sc="1" el="141" ec="2" bec="0" bev="0" fileid="1" />
                <SequencePoint vc="8" uspid="142" ordinal="64" sl="142" sc="1" el="142" ec="2" bec="0" bev="0" fileid="1" />
                <SequencePoint vc="8" uspid="143" ordinal="65" sl="143" sc="1" el="143" ec="2" bec="0" bev="0" fileid="1" />
              </SequencePoints>
              <BranchPoints>
                <BranchPoint vc="0" uspid="57" ordinal="0" path="0" offset="57" offsetend="59" sl="57" fileid="1" />
                <BranchPoint vc="8" uspid="57" ordinal="1" path="1" offset="57" offsetend="75" sl="57" fileid="1" />
                <BranchPoint vc="0" uspid="65" ordinal="2" path="0" offset="103" offsetend="105" sl="65" fileid="1" />
                <BranchPoint vc="8" uspid="65" ordinal="3" path="1" offset="103" offsetend="121" sl="65" fileid="1" />
                <BranchPoint vc="0" uspid="71" ordinal="4" path="0" offset="138" offsetend="140" sl="71" fileid="1" />
                <BranchPoint vc="8" uspid="71" ordinal="5" path="1" offset="138" offsetend="143" sl="71" fileid="1" />
                <BranchPoint vc="4" uspid="75" ordinal="6" path="0" offset="183" offsetend="185" sl="75" fileid="1" />
                <BranchPoint vc="3" uspid="75" ordinal="8" path="0" offset="189" offsetend="196" sl="75" fileid="1" />
                <BranchPoint vc="2" uspid="75" ordinal="10" path="0" offset="200" offsetend="204" sl="75" fileid="1" />
                <BranchPoint vc="4" uspid="75" ordinal="7" path="1" offset="183" offsetend="215" sl="75" fileid="1" />
                <BranchPoint vc="3" uspid="75" ordinal="14" path="0" offset="219" offsetend="223" sl="75" fileid="1" />
                <BranchPoint vc="2" uspid="75" ordinal="16" path="0" offset="227" offsetend="234" sl="75" fileid="1" />
                <BranchPoint vc="1" uspid="75" ordinal="13" path="1" offset="208" offsetend="245" sl="75" fileid="1" />
                <BranchPoint vc="1" uspid="75" ordinal="11" path="1" offset="200" offsetend="274" sl="75" fileid="1" />
                <BranchPoint vc="1" uspid="75" ordinal="15" path="1" offset="219" offsetend="300" sl="75" fileid="1" />
                <BranchPoint vc="1" uspid="75" ordinal="19" path="1" offset="238" offsetend="326" sl="75" fileid="1" />
                <BranchPoint vc="1" uspid="75" ordinal="9" path="1" offset="189" offsetend="352" sl="75" fileid="1" />
                <BranchPoint vc="1" uspid="75" ordinal="17" path="1" offset="227" offsetend="378" sl="75" fileid="1" />
                <BranchPoint vc="2" uspid="75" ordinal="12" path="0" offset="208" offsetend="404" sl="75" fileid="1" />
                <BranchPoint vc="2" uspid="75" ordinal="18" path="0" offset="238" offsetend="404" sl="75" fileid="1" />
                <BranchPoint vc="0" uspid="108" ordinal="20" path="0" offset="409" offsetend="411" sl="108" fileid="1" />
                <BranchPoint vc="8" uspid="108" ordinal="21" path="1" offset="409" offsetend="417" sl="108" fileid="1" />
                <BranchPoint vc="8" uspid="116" ordinal="22" path="0" offset="418" offsetend="420" sl="116" fileid="1" />
                <BranchPoint vc="0" uspid="116" ordinal="23" path="1" offset="418" offsetend="427" sl="116" fileid="1" />
                <BranchPoint vc="0" uspid="119" ordinal="24" path="0" offset="469" offsetend="471" sl="119" fileid="1" />
                <BranchPoint vc="8" uspid="119" ordinal="25" path="1" offset="469" offsetend="520" sl="119" fileid="1" />
                <BranchPoint vc="4" uspid="130" ordinal="29" path="1" offset="573" offsetend="533" sl="130" fileid="1" />
                <BranchPoint vc="12" uspid="130" ordinal="26" path="0" offset="545" offsetend="547" sl="130" fileid="1" />
                <BranchPoint vc="0" uspid="130" ordinal="27" path="1" offset="545" offsetend="568" sl="130" fileid="1" />
                <BranchPoint vc="2" uspid="134" ordinal="33" path="1" offset="619" offsetend="577" sl="134" fileid="1" />
                <BranchPoint vc="10" uspid="130" ordinal="28" path="0" offset="573" offsetend="585" sl="130" fileid="1" />
                <BranchPoint vc="10" uspid="134" ordinal="30" path="0" offset="589" offsetend="591" sl="134" fileid="1" />
                <BranchPoint vc="0" uspid="134" ordinal="31" path="1" offset="589" offsetend="614" sl="134" fileid="1" />
                <BranchPoint vc="8" uspid="134" ordinal="32" path="0" offset="619" offsetend="621" sl="134" fileid="1" />
              </BranchPoints>
              <MethodPoint vc="52" uspid="0" p8:type="SequencePoint" ordinal="1" offset="1" sc="0" sl="53" ec="1" el="143" bec="0" bev="0" fileid="1" xmlns:p8="xsi" />
            </Method>
            <Method cyclomaticComplexity="12" nPathComplexity="12" sequenceCoverage="94.11" branchCoverage="75" isConstructor="False" isGetter="False" isSetter="False" isStatic="True">
              <Summary numSequencePoints="17" visitedSequencePoints="16" numBranchPoints="12" visitedBranchPoints="9" sequenceCoverage="94.11" branchCoverage="75" maxCyclomaticComplexity="12" minCyclomaticComplexity="12" visitedClasses="0" numClasses="0" visitedMethods="1" numMethods="1" />
              <MetadataToken />
              <Name>System.Int32 Robin.Lexer::IndexOf(System.ReadOnlySpan`1&lt;System.Char&gt;,System.String)</Name>
              <FileRef uid="1" />
              <SequencePoints>
                <SequencePoint vc="24" uspid="146" ordinal="0" sl="146" sc="1" el="146" ec="2" bec="0" bev="0" fileid="1" />
                <SequencePoint vc="24" uspid="147" ordinal="1" sl="147" sc="1" el="147" ec="2" bec="2" bev="1" fileid="1" />
                <SequencePoint vc="24" uspid="148" ordinal="2" sl="148" sc="1" el="148" ec="2" bec="2" bev="1" fileid="1" />
                <SequencePoint vc="236" uspid="150" ordinal="3" sl="150" sc="1" el="150" ec="2" bec="2" bev="1" fileid="1" />
                <SequencePoint vc="118" uspid="151" ordinal="4" sl="151" sc="1" el="151" ec="2" bec="0" bev="0" fileid="1" />
                <SequencePoint vc="118" uspid="152" ordinal="5" sl="152" sc="1" el="152" ec="2" bec="0" bev="0" fileid="1" />
                <SequencePoint vc="332" uspid="153" ordinal="6" sl="153" sc="1" el="153" ec="2" bec="2" bev="2" fileid="1" />
                <SequencePoint vc="142" uspid="154" ordinal="7" sl="154" sc="1" el="154" ec="2" bec="0" bev="0" fileid="1" />
                <SequencePoint vc="142" uspid="155" ordinal="8" sl="155" sc="1" el="155" ec="2" bec="2" bev="2" fileid="1" />
                <SequencePoint vc="94" uspid="156" ordinal="9" sl="156" sc="1" el="156" ec="2" bec="0" bev="0" fileid="1" />
                <SequencePoint vc="94" uspid="157" ordinal="10" sl="157" sc="1" el="157" ec="2" bec="0" bev="0" fileid="1" />
                <SequencePoint vc="94" uspid="158" ordinal="11" sl="158" sc="1" el="158" ec="2" bec="0" bev="0" fileid="1" />
                <SequencePoint vc="48" uspid="160" ordinal="12" sl="160" sc="1" el="160" ec="2" bec="0" bev="0" fileid="1" />
                <SequencePoint vc="142" uspid="161" ordinal="13" sl="161" sc="1" el="161" ec="2" bec="2" bev="2" fileid="1" />
                <SequencePoint vc="94" uspid="162" ordinal="14" sl="162" sc="1" el="162" ec="2" bec="0" bev="0" fileid="1" />
                <SequencePoint vc="0" uspid="163" ordinal="15" sl="163" sc="1" el="163" ec="2" bec="0" bev="0" fileid="1" />
                <SequencePoint vc="24" uspid="164" ordinal="16" sl="164" sc="1" el="164" ec="2" bec="0" bev="0" fileid="1" />
              </SequencePoints>
              <BranchPoints>
                <BranchPoint vc="0" uspid="147" ordinal="0" path="0" offset="12" offsetend="14" sl="147" fileid="1" />
                <BranchPoint vc="24" uspid="147" ordinal="1" path="1" offset="12" offsetend="21" sl="147" fileid="1" />
                <BranchPoint vc="0" uspid="148" ordinal="2" path="0" offset="38" offsetend="40" sl="148" fileid="1" />
                <BranchPoint vc="24" uspid="148" ordinal="3" path="1" offset="38" offsetend="44" sl="148" fileid="1" />
                <BranchPoint vc="118" uspid="150" ordinal="11" path="1" offset="159" offsetend="48" sl="150" fileid="1" />
                <BranchPoint vc="142" uspid="153" ordinal="7" path="1" offset="116" offsetend="57" sl="153" fileid="1" />
                <BranchPoint vc="94" uspid="155" ordinal="4" path="0" offset="87" offsetend="89" sl="155" fileid="1" />
                <BranchPoint vc="48" uspid="155" ordinal="5" path="1" offset="87" offsetend="95" sl="155" fileid="1" />
                <BranchPoint vc="118" uspid="153" ordinal="6" path="0" offset="116" offsetend="118" sl="153" fileid="1" />
                <BranchPoint vc="24" uspid="161" ordinal="8" path="0" offset="124" offsetend="126" sl="161" fileid="1" />
                <BranchPoint vc="94" uspid="161" ordinal="9" path="1" offset="124" offsetend="130" sl="161" fileid="1" />
                <BranchPoint vc="0" uspid="150" ordinal="10" path="0" offset="159" offsetend="161" sl="150" fileid="1" />
              </BranchPoints>
              <MethodPoint vc="16" uspid="0" p8:type="SequencePoint" ordinal="2" offset="2" sc="0" sl="146" ec="1" el="164" bec="0" bev="0" fileid="1" xmlns:p8="xsi" />
            </Method>
            <Method cyclomaticComplexity="2" nPathComplexity="2" sequenceCoverage="100" branchCoverage="100" isConstructor="False" isGetter="False" isSetter="False" isStatic="True">
              <Summary numSequencePoints="9" visitedSequencePoints="9" numBranchPoints="2" visitedBranchPoints="2" sequenceCoverage="100" branchCoverage="100" maxCyclomaticComplexity="2" minCyclomaticComplexity="2" visitedClasses="0" numClasses="0" visitedMethods="1" numMethods="1" />
              <MetadataToken />
              <Name>Robin.Token[] Robin.Lexer::Tokenize(System.ReadOnlySpan`1&lt;System.Char&gt;)</Name>
              <FileRef uid="1" />
              <SequencePoints>
                <SequencePoint vc="1" uspid="168" ordinal="0" sl="168" sc="1" el="168" ec="2" bec="0" bev="0" fileid="1" />
                <SequencePoint vc="1" uspid="169" ordinal="1" sl="169" sc="1" el="169" ec="2" bec="0" bev="0" fileid="1" />
                <SequencePoint vc="1" uspid="170" ordinal="2" sl="170" sc="1" el="170" ec="2" bec="0" bev="0" fileid="1" />
                <SequencePoint vc="17" uspid="172" ordinal="3" sl="172" sc="1" el="172" ec="2" bec="2" bev="2" fileid="1" />
                <SequencePoint vc="16" uspid="173" ordinal="4" sl="173" sc="1" el="173" ec="2" bec="0" bev="0" fileid="1" />
                <SequencePoint vc="16" uspid="174" ordinal="5" sl="174" sc="1" el="174" ec="2" bec="0" bev="0" fileid="1" />
                <SequencePoint vc="16" uspid="175" ordinal="6" sl="175" sc="1" el="175" ec="2" bec="0" bev="0" fileid="1" />
                <SequencePoint vc="1" uspid="177" ordinal="7" sl="177" sc="1" el="177" ec="2" bec="0" bev="0" fileid="1" />
                <SequencePoint vc="1" uspid="178" ordinal="8" sl="178" sc="1" el="178" ec="2" bec="0" bev="0" fileid="1" />
              </SequencePoints>
              <BranchPoints>
                <BranchPoint vc="16" uspid="172" ordinal="0" path="0" offset="26" offsetend="28" sl="172" fileid="1" />
                <BranchPoint vc="1" uspid="172" ordinal="1" path="1" offset="26" offsetend="46" sl="172" fileid="1" />
              </BranchPoints>
              <MethodPoint vc="9" uspid="0" p8:type="SequencePoint" ordinal="3" offset="3" sc="0" sl="168" ec="1" el="178" bec="0" bev="0" fileid="1" xmlns:p8="xsi" />
            </Method>
            <Method cyclomaticComplexity="1" nPathComplexity="1" sequenceCoverage="100" branchCoverage="100" isConstructor="True" isGetter="False" isSetter="False" isStatic="True">
              <Summary numSequencePoints="4" visitedSequencePoints="4" numBranchPoints="0" visitedBranchPoints="0" sequenceCoverage="100" branchCoverage="100" maxCyclomaticComplexity="1" minCyclomaticComplexity="1" visitedClasses="0" numClasses="0" visitedMethods="1" numMethods="1" />
              <MetadataToken />
              <Name>System.Void Robin.Lexer::.ctor(System.ReadOnlySpan`1&lt;System.Char&gt;)</Name>
              <FileRef uid="1" />
              <SequencePoints>
                <SequencePoint vc="1" uspid="13" ordinal="0" sl="13" sc="1" el="13" ec="2" bec="0" bev="0" fileid="1" />
                <SequencePoint vc="1" uspid="14" ordinal="1" sl="14" sc="1" el="14" ec="2" bec="0" bev="0" fileid="1" />
                <SequencePoint vc="1" uspid="15" ordinal="2" sl="15" sc="1" el="15" ec="2" bec="0" bev="0" fileid="1" />
                <SequencePoint vc="1" uspid="16" ordinal="3" sl="16" sc="1" el="16" ec="2" bec="0" bev="0" fileid="1" />
              </SequencePoints>
              <BranchPoints />
              <MethodPoint vc="4" uspid="0" p8:type="SequencePoint" ordinal="4" offset="4" sc="0" sl="13" ec="1" el="16" bec="0" bev="0" fileid="1" xmlns:p8="xsi" />
            </Method>
          </Methods>
        </Class>
        <Class>
          <Summary numSequencePoints="9" visitedSequencePoints="6" numBranchPoints="0" visitedBranchPoints="0" sequenceCoverage="66.66" branchCoverage="100" maxCyclomaticComplexity="1" minCyclomaticComplexity="1" visitedClasses="1" numClasses="1" visitedMethods="2" numMethods="3" />
          <FullName>Robin.Token</FullName>
          <Methods>
            <Method cyclomaticComplexity="1" nPathComplexity="1" sequenceCoverage="100" branchCoverage="100" isConstructor="False" isGetter="False" isSetter="False" isStatic="True">
              <Summary numSequencePoints="3" visitedSequencePoints="3" numBranchPoints="0" visitedBranchPoints="0" sequenceCoverage="100" branchCoverage="100" maxCyclomaticComplexity="1" minCyclomaticComplexity="1" visitedClasses="0" numClasses="0" visitedMethods="1" numMethods="1" />
              <MetadataToken />
              <Name>System.ReadOnlySpan`1&lt;System.Char&gt; Robin.Token::GetValue(System.ReadOnlySpan`1&lt;System.Char&gt;)</Name>
              <FileRef uid="2" />
              <SequencePoints>
                <SequencePoint vc="16" uspid="10" ordinal="0" sl="10" sc="1" el="10" ec="2" bec="0" bev="0" fileid="2" />
                <SequencePoint vc="16" uspid="11" ordinal="1" sl="11" sc="1" el="11" ec="2" bec="0" bev="0" fileid="2" />
                <SequencePoint vc="16" uspid="12" ordinal="2" sl="12" sc="1" el="12" ec="2" bec="0" bev="0" fileid="2" />
              </SequencePoints>
              <BranchPoints />
              <MethodPoint vc="3" uspid="0" p8:type="SequencePoint" ordinal="0" offset="0" sc="0" sl="10" ec="1" el="12" bec="0" bev="0" fileid="2" xmlns:p8="xsi" />
            </Method>
            <Method cyclomaticComplexity="1" nPathComplexity="1" sequenceCoverage="0" branchCoverage="100" isConstructor="False" isGetter="False" isSetter="False" isStatic="True">
              <Summary numSequencePoints="3" visitedSequencePoints="0" numBranchPoints="0" visitedBranchPoints="0" sequenceCoverage="0" branchCoverage="100" maxCyclomaticComplexity="1" minCyclomaticComplexity="1" visitedClasses="0" numClasses="0" visitedMethods="0" numMethods="1" />
              <MetadataToken />
              <Name>System.String Robin.Token::ToString()</Name>
              <FileRef uid="2" />
              <SequencePoints>
                <SequencePoint vc="0" uspid="15" ordinal="0" sl="15" sc="1" el="15" ec="2" bec="0" bev="0" fileid="2" />
                <SequencePoint vc="0" uspid="16" ordinal="1" sl="16" sc="1" el="16" ec="2" bec="0" bev="0" fileid="2" />
                <SequencePoint vc="0" uspid="17" ordinal="2" sl="17" sc="1" el="17" ec="2" bec="0" bev="0" fileid="2" />
              </SequencePoints>
              <BranchPoints />
              <MethodPoint vc="0" uspid="0" p8:type="SequencePoint" ordinal="1" offset="1" sc="0" sl="15" ec="1" el="17" bec="0" bev="0" fileid="2" xmlns:p8="xsi" />
            </Method>
            <Method cyclomaticComplexity="1" nPathComplexity="1" sequenceCoverage="100" branchCoverage="100" isConstructor="True" isGetter="False" isSetter="False" isStatic="True">
              <Summary numSequencePoints="3" visitedSequencePoints="3" numBranchPoints="0" visitedBranchPoints="0" sequenceCoverage="100" branchCoverage="100" maxCyclomaticComplexity="1" minCyclomaticComplexity="1" visitedClasses="0" numClasses="0" visitedMethods="1" numMethods="1" />
              <MetadataToken />
              <Name>System.Void Robin.Token::.ctor(Robin.TokenType,System.Int32,System.Int32)</Name>
              <FileRef uid="2" />
              <SequencePoints>
                <SequencePoint vc="16" uspid="5" ordinal="0" sl="5" sc="1" el="5" ec="2" bec="0" bev="0" fileid="2" />
                <SequencePoint vc="16" uspid="6" ordinal="1" sl="6" sc="1" el="6" ec="2" bec="0" bev="0" fileid="2" />
                <SequencePoint vc="16" uspid="7" ordinal="2" sl="7" sc="1" el="7" ec="2" bec="0" bev="0" fileid="2" />
              </SequencePoints>
              <BranchPoints />
              <MethodPoint vc="3" uspid="0" p8:type="SequencePoint" ordinal="2" offset="2" sc="0" sl="5" ec="1" el="7" bec="0" bev="0" fileid="2" xmlns:p8="xsi" />
            </Method>
          </Methods>
        </Class>
      </Classes>
    </Module>
  </Modules>
</CoverageSession>